<?xml version="1.0" encoding="UTF-8"?>
<!-- Generated by org.testng.reporters.JUnitXMLReporter -->
<testsuite ignored="0" hostname="mac-MacBook-Pro.local" failures="2" tests="6" name="InsiderWebsiteTests" time="163.401" errors="0" timestamp="2025-09-09T11:51:38 TRT">
  <testcase classname="com.insider.tests.InsiderWebsiteTest" name="testHomePageLoad" time="4.62"/>
  <testcase classname="com.insider.tests.InsiderWebsiteTest" name="testCareersPageAndBlocks" time="27.196"/>
  <testcase classname="com.insider.tests.InsiderWebsiteTest" name="testQAJobsFiltering" time="8.095"/>
  <testcase classname="com.insider.tests.InsiderWebsiteTest" name="testJobDetailsValidation" time="9.618"/>
  <testcase classname="com.insider.tests.InsiderWebsiteTest" name="testViewRoleRedirection" time="28.012">
    <failure type="org.openqa.selenium.TimeoutException" message="Expected condition failed: waiting for com.insider.pages.QACareersPage$$Lambda/0x00000001352e93c0@2dfeb141 (tried for 20 second(s) with 500 milliseconds interval)
Build info: version: &amp;apos;4.15.0&amp;apos;, revision: &amp;apos;1d14b5521b&amp;apos;
System info: os.name: &amp;apos;Mac OS X&amp;apos;, os.arch: &amp;apos;x86_64&amp;apos;, os.version: &amp;apos;15.6.1&amp;apos;, java.version: &amp;apos;21.0.4&amp;apos;
Driver info: org.openqa.selenium.chrome.ChromeDriver
Capabilities {acceptInsecureCerts: false, browserName: chrome, browserVersion: 140.0.7339.81, chrome: {chromedriverVersion: 140.0.7339.80 (670b6f192f46..., userDataDir: /var/folders/9k/zsj9ng5s5fd...}, fedcm:accounts: true, goog:chromeOptions: {debuggerAddress: localhost:53927}, networkConnectionEnabled: false, pageLoadStrategy: normal, platformName: mac, proxy: Proxy(), se:cdp: ws://localhost:53927/devtoo..., se:cdpVersion: 140.0.7339.81, setWindowRect: true, strictFileInteractability: false, timeouts: {implicit: 0, pageLoad: 300000, script: 30000}, unhandledPromptBehavior: dismiss and notify, webauthn:extension:credBlob: true, webauthn:extension:largeBlob: true, webauthn:extension:minPinLength: true, webauthn:extension:prf: true, webauthn:virtualAuthenticators: true}
Session ID: d77ddde353b0f0433ab0e3871faf8e51">
      <![CDATA[org.openqa.selenium.TimeoutException: Expected condition failed: waiting for com.insider.pages.QACareersPage$$Lambda/0x00000001352e93c0@2dfeb141 (tried for 20 second(s) with 500 milliseconds interval)
Build info: version: '4.15.0', revision: '1d14b5521b'
System info: os.name: 'Mac OS X', os.arch: 'x86_64', os.version: '15.6.1', java.version: '21.0.4'
Driver info: org.openqa.selenium.chrome.ChromeDriver
Capabilities {acceptInsecureCerts: false, browserName: chrome, browserVersion: 140.0.7339.81, chrome: {chromedriverVersion: 140.0.7339.80 (670b6f192f46..., userDataDir: /var/folders/9k/zsj9ng5s5fd...}, fedcm:accounts: true, goog:chromeOptions: {debuggerAddress: localhost:53927}, networkConnectionEnabled: false, pageLoadStrategy: normal, platformName: mac, proxy: Proxy(), se:cdp: ws://localhost:53927/devtoo..., se:cdpVersion: 140.0.7339.81, setWindowRect: true, strictFileInteractability: false, timeouts: {implicit: 0, pageLoad: 300000, script: 30000}, unhandledPromptBehavior: dismiss and notify, webauthn:extension:credBlob: true, webauthn:extension:largeBlob: true, webauthn:extension:minPinLength: true, webauthn:extension:prf: true, webauthn:virtualAuthenticators: true}
Session ID: d77ddde353b0f0433ab0e3871faf8e51
at org.openqa.selenium.support.ui.WebDriverWait.timeoutException(WebDriverWait.java:84)
at org.openqa.selenium.support.ui.FluentWait.until(FluentWait.java:229)
at com.insider.pages.QACareersPage.clickFirstViewRoleButton(QACareersPage.java:233)
at com.insider.tests.InsiderWebsiteTest.testViewRoleRedirection(InsiderWebsiteTest.java:180)
at java.base/java.util.ArrayList.forEach(ArrayList.java:1596)
... Removed 29 stack frames]]>
    </failure>
  </testcase> <!-- testViewRoleRedirection -->
  <testcase classname="com.insider.tests.InsiderWebsiteTest" name="testCompleteScenario" time="74.805">
    <failure type="org.openqa.selenium.TimeoutException" message="Expected condition failed: waiting for com.insider.pages.QACareersPage$$Lambda/0x00000001352e93c0@20f63ddc (tried for 20 second(s) with 500 milliseconds interval)
Build info: version: &amp;apos;4.15.0&amp;apos;, revision: &amp;apos;1d14b5521b&amp;apos;
System info: os.name: &amp;apos;Mac OS X&amp;apos;, os.arch: &amp;apos;x86_64&amp;apos;, os.version: &amp;apos;15.6.1&amp;apos;, java.version: &amp;apos;21.0.4&amp;apos;
Driver info: org.openqa.selenium.chrome.ChromeDriver
Capabilities {acceptInsecureCerts: false, browserName: chrome, browserVersion: 140.0.7339.81, chrome: {chromedriverVersion: 140.0.7339.80 (670b6f192f46..., userDataDir: /var/folders/9k/zsj9ng5s5fd...}, fedcm:accounts: true, goog:chromeOptions: {debuggerAddress: localhost:54130}, networkConnectionEnabled: false, pageLoadStrategy: normal, platformName: mac, proxy: Proxy(), se:cdp: ws://localhost:54130/devtoo..., se:cdpVersion: 140.0.7339.81, setWindowRect: true, strictFileInteractability: false, timeouts: {implicit: 0, pageLoad: 300000, script: 30000}, unhandledPromptBehavior: dismiss and notify, webauthn:extension:credBlob: true, webauthn:extension:largeBlob: true, webauthn:extension:minPinLength: true, webauthn:extension:prf: true, webauthn:virtualAuthenticators: true}
Session ID: 14270ba49b45072a52505c5ba20be046">
      <![CDATA[org.openqa.selenium.TimeoutException: Expected condition failed: waiting for com.insider.pages.QACareersPage$$Lambda/0x00000001352e93c0@20f63ddc (tried for 20 second(s) with 500 milliseconds interval)
Build info: version: '4.15.0', revision: '1d14b5521b'
System info: os.name: 'Mac OS X', os.arch: 'x86_64', os.version: '15.6.1', java.version: '21.0.4'
Driver info: org.openqa.selenium.chrome.ChromeDriver
Capabilities {acceptInsecureCerts: false, browserName: chrome, browserVersion: 140.0.7339.81, chrome: {chromedriverVersion: 140.0.7339.80 (670b6f192f46..., userDataDir: /var/folders/9k/zsj9ng5s5fd...}, fedcm:accounts: true, goog:chromeOptions: {debuggerAddress: localhost:54130}, networkConnectionEnabled: false, pageLoadStrategy: normal, platformName: mac, proxy: Proxy(), se:cdp: ws://localhost:54130/devtoo..., se:cdpVersion: 140.0.7339.81, setWindowRect: true, strictFileInteractability: false, timeouts: {implicit: 0, pageLoad: 300000, script: 30000}, unhandledPromptBehavior: dismiss and notify, webauthn:extension:credBlob: true, webauthn:extension:largeBlob: true, webauthn:extension:minPinLength: true, webauthn:extension:prf: true, webauthn:virtualAuthenticators: true}
Session ID: 14270ba49b45072a52505c5ba20be046
at org.openqa.selenium.support.ui.WebDriverWait.timeoutException(WebDriverWait.java:84)
at org.openqa.selenium.support.ui.FluentWait.until(FluentWait.java:229)
at com.insider.pages.QACareersPage.clickFirstViewRoleButton(QACareersPage.java:233)
at com.insider.tests.InsiderWebsiteTest.testCompleteScenario(InsiderWebsiteTest.java:218)
at java.base/java.util.ArrayList.forEach(ArrayList.java:1596)
... Removed 29 stack frames]]>
    </failure>
  </testcase> <!-- testCompleteScenario -->
</testsuite> <!-- InsiderWebsiteTests -->
