<?xml version="1.0" encoding="UTF-8"?>
<testsuite xmlns:xsi="http://www.w3.org/2001/XMLSchema-instance" xsi:noNamespaceSchemaLocation="https://maven.apache.org/surefire/maven-surefire-plugin/xsd/surefire-test-report-3.0.xsd" version="3.0" name="TestSuite" time="169.01" tests="6" errors="0" skipped="0" failures="2">
  <properties>
    <property name="java.specification.version" value="21"/>
    <property name="webdriver.chrome.driver" value="/Users/mac/Desktop/omer_sezer_case/web_driver/chromedriver"/>
    <property name="sun.jnu.encoding" value="UTF-8"/>
    <property name="java.class.path" value="/Users/mac/Desktop/omer_sezer_case/target/test-classes:/Users/mac/Desktop/omer_sezer_case/target/classes:/Users/mac/.m2/repository/org/seleniumhq/selenium/selenium-java/4.15.0/selenium-java-4.15.0.jar:/Users/mac/.m2/repository/org/seleniumhq/selenium/selenium-api/4.15.0/selenium-api-4.15.0.jar:/Users/mac/.m2/repository/org/seleniumhq/selenium/selenium-chrome-driver/4.15.0/selenium-chrome-driver-4.15.0.jar:/Users/mac/.m2/repository/com/google/auto/service/auto-service-annotations/1.1.1/auto-service-annotations-1.1.1.jar:/Users/mac/.m2/repository/org/seleniumhq/selenium/selenium-chromium-driver/4.15.0/selenium-chromium-driver-4.15.0.jar:/Users/mac/.m2/repository/org/seleniumhq/selenium/selenium-json/4.15.0/selenium-json-4.15.0.jar:/Users/mac/.m2/repository/org/seleniumhq/selenium/selenium-manager/4.15.0/selenium-manager-4.15.0.jar:/Users/mac/.m2/repository/org/seleniumhq/selenium/selenium-devtools-v117/4.15.0/selenium-devtools-v117-4.15.0.jar:/Users/mac/.m2/repository/org/seleniumhq/selenium/selenium-devtools-v118/4.15.0/selenium-devtools-v118-4.15.0.jar:/Users/mac/.m2/repository/org/seleniumhq/selenium/selenium-devtools-v119/4.15.0/selenium-devtools-v119-4.15.0.jar:/Users/mac/.m2/repository/org/seleniumhq/selenium/selenium-devtools-v85/4.15.0/selenium-devtools-v85-4.15.0.jar:/Users/mac/.m2/repository/org/seleniumhq/selenium/selenium-edge-driver/4.15.0/selenium-edge-driver-4.15.0.jar:/Users/mac/.m2/repository/org/seleniumhq/selenium/selenium-firefox-driver/4.15.0/selenium-firefox-driver-4.15.0.jar:/Users/mac/.m2/repository/org/seleniumhq/selenium/selenium-http/4.15.0/selenium-http-4.15.0.jar:/Users/mac/.m2/repository/dev/failsafe/failsafe/3.3.2/failsafe-3.3.2.jar:/Users/mac/.m2/repository/org/seleniumhq/selenium/selenium-ie-driver/4.15.0/selenium-ie-driver-4.15.0.jar:/Users/mac/.m2/repository/org/seleniumhq/selenium/selenium-remote-driver/4.15.0/selenium-remote-driver-4.15.0.jar:/Users/mac/.m2/repository/com/google/guava/guava/32.1.2-jre/guava-32.1.2-jre.jar:/Users/mac/.m2/repository/com/google/guava/failureaccess/1.0.1/failureaccess-1.0.1.jar:/Users/mac/.m2/repository/com/google/guava/listenablefuture/9999.0-empty-to-avoid-conflict-with-guava/listenablefuture-9999.0-empty-to-avoid-conflict-with-guava.jar:/Users/mac/.m2/repository/com/google/code/findbugs/jsr305/3.0.2/jsr305-3.0.2.jar:/Users/mac/.m2/repository/org/checkerframework/checker-qual/3.33.0/checker-qual-3.33.0.jar:/Users/mac/.m2/repository/com/google/errorprone/error_prone_annotations/2.18.0/error_prone_annotations-2.18.0.jar:/Users/mac/.m2/repository/com/google/j2objc/j2objc-annotations/2.8/j2objc-annotations-2.8.jar:/Users/mac/.m2/repository/io/opentelemetry/opentelemetry-api/1.28.0/opentelemetry-api-1.28.0.jar:/Users/mac/.m2/repository/io/opentelemetry/opentelemetry-context/1.28.0/opentelemetry-context-1.28.0.jar:/Users/mac/.m2/repository/io/opentelemetry/opentelemetry-exporter-logging/1.28.0/opentelemetry-exporter-logging-1.28.0.jar:/Users/mac/.m2/repository/io/opentelemetry/opentelemetry-sdk-metrics/1.28.0/opentelemetry-sdk-metrics-1.28.0.jar:/Users/mac/.m2/repository/io/opentelemetry/opentelemetry-extension-incubator/1.28.0-alpha/opentelemetry-extension-incubator-1.28.0-alpha.jar:/Users/mac/.m2/repository/io/opentelemetry/opentelemetry-sdk-logs/1.28.0/opentelemetry-sdk-logs-1.28.0.jar:/Users/mac/.m2/repository/io/opentelemetry/opentelemetry-sdk-common/1.28.0/opentelemetry-sdk-common-1.28.0.jar:/Users/mac/.m2/repository/io/opentelemetry/opentelemetry-sdk-extension-autoconfigure-spi/1.28.0/opentelemetry-sdk-extension-autoconfigure-spi-1.28.0.jar:/Users/mac/.m2/repository/io/opentelemetry/opentelemetry-sdk-extension-autoconfigure/1.28.0/opentelemetry-sdk-extension-autoconfigure-1.28.0.jar:/Users/mac/.m2/repository/io/opentelemetry/opentelemetry-api-events/1.28.0-alpha/opentelemetry-api-events-1.28.0-alpha.jar:/Users/mac/.m2/repository/io/opentelemetry/opentelemetry-sdk-trace/1.28.0/opentelemetry-sdk-trace-1.28.0.jar:/Users/mac/.m2/repository/io/opentelemetry/opentelemetry-sdk/1.28.0/opentelemetry-sdk-1.28.0.jar:/Users/mac/.m2/repository/io/opentelemetry/opentelemetry-semconv/1.28.0-alpha/opentelemetry-semconv-1.28.0-alpha.jar:/Users/mac/.m2/repository/net/bytebuddy/byte-buddy/1.14.5/byte-buddy-1.14.5.jar:/Users/mac/.m2/repository/org/seleniumhq/selenium/selenium-os/4.15.0/selenium-os-4.15.0.jar:/Users/mac/.m2/repository/org/apache/commons/commons-exec/1.3/commons-exec-1.3.jar:/Users/mac/.m2/repository/org/seleniumhq/selenium/selenium-safari-driver/4.15.0/selenium-safari-driver-4.15.0.jar:/Users/mac/.m2/repository/org/seleniumhq/selenium/selenium-support/4.15.0/selenium-support-4.15.0.jar:/Users/mac/.m2/repository/org/testng/testng/7.8.0/testng-7.8.0.jar:/Users/mac/.m2/repository/com/beust/jcommander/1.82/jcommander-1.82.jar:/Users/mac/.m2/repository/org/webjars/jquery/3.6.1/jquery-3.6.1.jar:/Users/mac/.m2/repository/org/slf4j/slf4j-api/2.0.9/slf4j-api-2.0.9.jar:/Users/mac/.m2/repository/ch/qos/logback/logback-classic/1.4.11/logback-classic-1.4.11.jar:/Users/mac/.m2/repository/ch/qos/logback/logback-core/1.4.11/logback-core-1.4.11.jar:"/>
    <property name="java.vm.vendor" value="Oracle Corporation"/>
    <property name="sun.arch.data.model" value="64"/>
    <property name="java.vendor.url" value="https://java.oracle.com/"/>
    <property name="user.timezone" value="Europe/Istanbul"/>
    <property name="os.name" value="Mac OS X"/>
    <property name="java.vm.specification.version" value="21"/>
    <property name="sun.java.launcher" value="SUN_STANDARD"/>
    <property name="user.country" value="TR"/>
    <property name="sun.boot.library.path" value="/Library/Java/JavaVirtualMachines/jdk-21.jdk/Contents/Home/lib"/>
    <property name="sun.java.command" value="/Users/mac/Desktop/omer_sezer_case/target/surefire/surefirebooter-20250909114849319_3.jar /Users/mac/Desktop/omer_sezer_case/target/surefire 2025-09-09T11-48-48_989-jvmRun1 surefire-20250909114849319_1tmp surefire_0-20250909114849319_2tmp"/>
    <property name="http.nonProxyHosts" value="local|*.local|169.254/16|*.169.254/16"/>
    <property name="jdk.debug" value="release"/>
    <property name="surefire.test.class.path" value="/Users/mac/Desktop/omer_sezer_case/target/test-classes:/Users/mac/Desktop/omer_sezer_case/target/classes:/Users/mac/.m2/repository/org/seleniumhq/selenium/selenium-java/4.15.0/selenium-java-4.15.0.jar:/Users/mac/.m2/repository/org/seleniumhq/selenium/selenium-api/4.15.0/selenium-api-4.15.0.jar:/Users/mac/.m2/repository/org/seleniumhq/selenium/selenium-chrome-driver/4.15.0/selenium-chrome-driver-4.15.0.jar:/Users/mac/.m2/repository/com/google/auto/service/auto-service-annotations/1.1.1/auto-service-annotations-1.1.1.jar:/Users/mac/.m2/repository/org/seleniumhq/selenium/selenium-chromium-driver/4.15.0/selenium-chromium-driver-4.15.0.jar:/Users/mac/.m2/repository/org/seleniumhq/selenium/selenium-json/4.15.0/selenium-json-4.15.0.jar:/Users/mac/.m2/repository/org/seleniumhq/selenium/selenium-manager/4.15.0/selenium-manager-4.15.0.jar:/Users/mac/.m2/repository/org/seleniumhq/selenium/selenium-devtools-v117/4.15.0/selenium-devtools-v117-4.15.0.jar:/Users/mac/.m2/repository/org/seleniumhq/selenium/selenium-devtools-v118/4.15.0/selenium-devtools-v118-4.15.0.jar:/Users/mac/.m2/repository/org/seleniumhq/selenium/selenium-devtools-v119/4.15.0/selenium-devtools-v119-4.15.0.jar:/Users/mac/.m2/repository/org/seleniumhq/selenium/selenium-devtools-v85/4.15.0/selenium-devtools-v85-4.15.0.jar:/Users/mac/.m2/repository/org/seleniumhq/selenium/selenium-edge-driver/4.15.0/selenium-edge-driver-4.15.0.jar:/Users/mac/.m2/repository/org/seleniumhq/selenium/selenium-firefox-driver/4.15.0/selenium-firefox-driver-4.15.0.jar:/Users/mac/.m2/repository/org/seleniumhq/selenium/selenium-http/4.15.0/selenium-http-4.15.0.jar:/Users/mac/.m2/repository/dev/failsafe/failsafe/3.3.2/failsafe-3.3.2.jar:/Users/mac/.m2/repository/org/seleniumhq/selenium/selenium-ie-driver/4.15.0/selenium-ie-driver-4.15.0.jar:/Users/mac/.m2/repository/org/seleniumhq/selenium/selenium-remote-driver/4.15.0/selenium-remote-driver-4.15.0.jar:/Users/mac/.m2/repository/com/google/guava/guava/32.1.2-jre/guava-32.1.2-jre.jar:/Users/mac/.m2/repository/com/google/guava/failureaccess/1.0.1/failureaccess-1.0.1.jar:/Users/mac/.m2/repository/com/google/guava/listenablefuture/9999.0-empty-to-avoid-conflict-with-guava/listenablefuture-9999.0-empty-to-avoid-conflict-with-guava.jar:/Users/mac/.m2/repository/com/google/code/findbugs/jsr305/3.0.2/jsr305-3.0.2.jar:/Users/mac/.m2/repository/org/checkerframework/checker-qual/3.33.0/checker-qual-3.33.0.jar:/Users/mac/.m2/repository/com/google/errorprone/error_prone_annotations/2.18.0/error_prone_annotations-2.18.0.jar:/Users/mac/.m2/repository/com/google/j2objc/j2objc-annotations/2.8/j2objc-annotations-2.8.jar:/Users/mac/.m2/repository/io/opentelemetry/opentelemetry-api/1.28.0/opentelemetry-api-1.28.0.jar:/Users/mac/.m2/repository/io/opentelemetry/opentelemetry-context/1.28.0/opentelemetry-context-1.28.0.jar:/Users/mac/.m2/repository/io/opentelemetry/opentelemetry-exporter-logging/1.28.0/opentelemetry-exporter-logging-1.28.0.jar:/Users/mac/.m2/repository/io/opentelemetry/opentelemetry-sdk-metrics/1.28.0/opentelemetry-sdk-metrics-1.28.0.jar:/Users/mac/.m2/repository/io/opentelemetry/opentelemetry-extension-incubator/1.28.0-alpha/opentelemetry-extension-incubator-1.28.0-alpha.jar:/Users/mac/.m2/repository/io/opentelemetry/opentelemetry-sdk-logs/1.28.0/opentelemetry-sdk-logs-1.28.0.jar:/Users/mac/.m2/repository/io/opentelemetry/opentelemetry-sdk-common/1.28.0/opentelemetry-sdk-common-1.28.0.jar:/Users/mac/.m2/repository/io/opentelemetry/opentelemetry-sdk-extension-autoconfigure-spi/1.28.0/opentelemetry-sdk-extension-autoconfigure-spi-1.28.0.jar:/Users/mac/.m2/repository/io/opentelemetry/opentelemetry-sdk-extension-autoconfigure/1.28.0/opentelemetry-sdk-extension-autoconfigure-1.28.0.jar:/Users/mac/.m2/repository/io/opentelemetry/opentelemetry-api-events/1.28.0-alpha/opentelemetry-api-events-1.28.0-alpha.jar:/Users/mac/.m2/repository/io/opentelemetry/opentelemetry-sdk-trace/1.28.0/opentelemetry-sdk-trace-1.28.0.jar:/Users/mac/.m2/repository/io/opentelemetry/opentelemetry-sdk/1.28.0/opentelemetry-sdk-1.28.0.jar:/Users/mac/.m2/repository/io/opentelemetry/opentelemetry-semconv/1.28.0-alpha/opentelemetry-semconv-1.28.0-alpha.jar:/Users/mac/.m2/repository/net/bytebuddy/byte-buddy/1.14.5/byte-buddy-1.14.5.jar:/Users/mac/.m2/repository/org/seleniumhq/selenium/selenium-os/4.15.0/selenium-os-4.15.0.jar:/Users/mac/.m2/repository/org/apache/commons/commons-exec/1.3/commons-exec-1.3.jar:/Users/mac/.m2/repository/org/seleniumhq/selenium/selenium-safari-driver/4.15.0/selenium-safari-driver-4.15.0.jar:/Users/mac/.m2/repository/org/seleniumhq/selenium/selenium-support/4.15.0/selenium-support-4.15.0.jar:/Users/mac/.m2/repository/org/testng/testng/7.8.0/testng-7.8.0.jar:/Users/mac/.m2/repository/com/beust/jcommander/1.82/jcommander-1.82.jar:/Users/mac/.m2/repository/org/webjars/jquery/3.6.1/jquery-3.6.1.jar:/Users/mac/.m2/repository/org/slf4j/slf4j-api/2.0.9/slf4j-api-2.0.9.jar:/Users/mac/.m2/repository/ch/qos/logback/logback-classic/1.4.11/logback-classic-1.4.11.jar:/Users/mac/.m2/repository/ch/qos/logback/logback-core/1.4.11/logback-core-1.4.11.jar:"/>
    <property name="sun.cpu.endian" value="little"/>
    <property name="user.home" value="/Users/mac"/>
    <property name="user.language" value="tr"/>
    <property name="java.specification.vendor" value="Oracle Corporation"/>
    <property name="java.version.date" value="2024-07-16"/>
    <property name="java.home" value="/Library/Java/JavaVirtualMachines/jdk-21.jdk/Contents/Home"/>
    <property name="file.separator" value="/"/>
    <property name="basedir" value="/Users/mac/Desktop/omer_sezer_case"/>
    <property name="java.vm.compressedOopsMode" value="Zero based"/>
    <property name="line.separator" value="&#10;"/>
    <property name="java.vm.specification.vendor" value="Oracle Corporation"/>
    <property name="java.specification.name" value="Java Platform API Specification"/>
    <property name="apple.awt.application.name" value="ForkedBooter"/>
    <property name="surefire.real.class.path" value="/Users/mac/Desktop/omer_sezer_case/target/surefire/surefirebooter-20250909114849319_3.jar"/>
    <property name="sun.management.compiler" value="HotSpot 64-Bit Tiered Compilers"/>
    <property name="ftp.nonProxyHosts" value="local|*.local|169.254/16|*.169.254/16"/>
    <property name="java.runtime.version" value="21.0.4+8-LTS-274"/>
    <property name="user.name" value="mac"/>
    <property name="stdout.encoding" value="UTF-8"/>
    <property name="path.separator" value=":"/>
    <property name="os.version" value="15.6.1"/>
    <property name="java.runtime.name" value="Java(TM) SE Runtime Environment"/>
    <property name="file.encoding" value="UTF-8"/>
    <property name="java.vm.name" value="Java HotSpot(TM) 64-Bit Server VM"/>
    <property name="localRepository" value="/Users/mac/.m2/repository"/>
    <property name="java.vendor.url.bug" value="https://bugreport.java.com/bugreport/"/>
    <property name="java.io.tmpdir" value="/var/folders/9k/zsj9ng5s5fd6h1lq8rw2yjpc0000gn/T/"/>
    <property name="java.version" value="21.0.4"/>
    <property name="user.dir" value="/Users/mac/Desktop/omer_sezer_case"/>
    <property name="os.arch" value="x86_64"/>
    <property name="java.vm.specification.name" value="Java Virtual Machine Specification"/>
    <property name="native.encoding" value="UTF-8"/>
    <property name="java.library.path" value="/Users/mac/Library/Java/Extensions:/Library/Java/Extensions:/Network/Library/Java/Extensions:/System/Library/Java/Extensions:/usr/lib/java:."/>
    <property name="java.vm.info" value="mixed mode, sharing"/>
    <property name="stderr.encoding" value="UTF-8"/>
    <property name="java.vendor" value="Oracle Corporation"/>
    <property name="java.vm.version" value="21.0.4+8-LTS-274"/>
    <property name="sun.io.unicode.encoding" value="UnicodeBig"/>
    <property name="socksNonProxyHosts" value="local|*.local|169.254/16|*.169.254/16"/>
    <property name="java.class.version" value="65.0"/>
  </properties>
  <testcase name="testHomePageLoad" classname="com.insider.tests.InsiderWebsiteTest" time="4.639">
    <system-out><![CDATA[11:48:50.169 [main] &amp#27;[34mINFO &amp#27;[0;39m &amp#27;[36mc.insider.tests.InsiderWebsiteTest&amp#27;[0;39m - &amp#27;[32m=== TEST SETUP STARTED ===
&amp#27;[0;39m11:48:52.546 [main] &amp#27;[39mDEBUG&amp#27;[0;39m &amp#27;[36mc.insider.tests.InsiderWebsiteTest&amp#27;[0;39m - &amp#27;[32mInitializing page objects
&amp#27;[0;39m11:48:52.549 [main] &amp#27;[39mDEBUG&amp#27;[0;39m &amp#27;[36mcom.insider.pages.BasePage&amp#27;[0;39m - &amp#27;[32mInitialized BasePage with WebDriver: ChromeDriver
&amp#27;[0;39m11:48:52.551 [main] &amp#27;[39mDEBUG&amp#27;[0;39m &amp#27;[36mcom.insider.pages.BasePage&amp#27;[0;39m - &amp#27;[32mInitialized BasePage with WebDriver: ChromeDriver
&amp#27;[0;39m11:48:52.553 [main] &amp#27;[39mDEBUG&amp#27;[0;39m &amp#27;[36mcom.insider.pages.BasePage&amp#27;[0;39m - &amp#27;[32mInitialized BasePage with WebDriver: ChromeDriver
&amp#27;[0;39m11:48:52.554 [main] &amp#27;[39mDEBUG&amp#27;[0;39m &amp#27;[36mcom.insider.pages.BasePage&amp#27;[0;39m - &amp#27;[32mInitialized BasePage with WebDriver: ChromeDriver
&amp#27;[0;39m11:48:52.554 [main] &amp#27;[39mDEBUG&amp#27;[0;39m &amp#27;[36mc.insider.tests.InsiderWebsiteTest&amp#27;[0;39m - &amp#27;[32mAll page objects initialized successfully
&amp#27;[0;39m11:48:52.554 [main] &amp#27;[34mINFO &amp#27;[0;39m &amp#27;[36mc.insider.tests.InsiderWebsiteTest&amp#27;[0;39m - &amp#27;[32m✓ Test environment setup completed successfully
&amp#27;[0;39m11:48:52.555 [main] &amp#27;[34mINFO &amp#27;[0;39m &amp#27;[36mc.insider.tests.InsiderWebsiteTest&amp#27;[0;39m - &amp#27;[32m=== TEST SETUP COMPLETED ===
&amp#27;[0;39m11:48:52.557 [main] &amp#27;[34mINFO &amp#27;[0;39m &amp#27;[36mc.insider.tests.InsiderWebsiteTest&amp#27;[0;39m - &amp#27;[32m╔══════════════════════════════════════════════════════════════════════════════════════════╗
&amp#27;[0;39m11:48:52.558 [main] &amp#27;[34mINFO &amp#27;[0;39m &amp#27;[36mc.insider.tests.InsiderWebsiteTest&amp#27;[0;39m - &amp#27;[32m║ STARTING TEST: Home Page Load Test
&amp#27;[0;39m11:48:52.558 [main] &amp#27;[34mINFO &amp#27;[0;39m &amp#27;[36mc.insider.tests.InsiderWebsiteTest&amp#27;[0;39m - &amp#27;[32m║ DESCRIPTION: Verify Insider home page loads correctly
&amp#27;[0;39m11:48:52.559 [main] &amp#27;[34mINFO &amp#27;[0;39m &amp#27;[36mc.insider.tests.InsiderWebsiteTest&amp#27;[0;39m - &amp#27;[32m╚══════════════════════════════════════════════════════════════════════════════════════════╝
&amp#27;[0;39m11:48:52.559 [main] &amp#27;[34mINFO &amp#27;[0;39m &amp#27;[36mTEST_RESULTS&amp#27;[0;39m - &amp#27;[32mTEST STARTED: Home Page Load Test - Verify Insider home page loads correctly
&amp#27;[0;39m11:48:52.560 [main] &amp#27;[34mINFO &amp#27;[0;39m &amp#27;[36mcom.insider.pages.BasePage&amp#27;[0;39m - &amp#27;[32mTest Step: Navigating to Insider home page
&amp#27;[0;39m11:48:52.560 [main] &amp#27;[34mINFO &amp#27;[0;39m &amp#27;[36mcom.insider.pages.BasePage&amp#27;[0;39m - &amp#27;[32mPage Navigation - Action: Navigate | URL: https://useinsider.com/
&amp#27;[0;39m11:48:56.242 [main] &amp#27;[34mINFO &amp#27;[0;39m &amp#27;[36mcom.insider.pages.BasePage&amp#27;[0;39m - &amp#27;[32m✓ SUCCESS: Successfully navigated to home page
&amp#27;[0;39m11:48:56.242 [main] &amp#27;[34mINFO &amp#27;[0;39m &amp#27;[36mcom.insider.pages.BasePage&amp#27;[0;39m - &amp#27;[32mTest Step: Attempting to accept cookies if banner is present
&amp#27;[0;39m11:48:56.243 [main] &amp#27;[39mDEBUG&amp#27;[0;39m &amp#27;[36mcom.insider.pages.BasePage&amp#27;[0;39m - &amp#27;[32mChecking if element is present: By.id: cookie-law-info-bar
&amp#27;[0;39m11:48:56.440 [main] &amp#27;[39mDEBUG&amp#27;[0;39m &amp#27;[36mcom.insider.pages.BasePage&amp#27;[0;39m - &amp#27;[32mElement present status for By.id: cookie-law-info-bar: true
&amp#27;[0;39m11:48:56.441 [main] &amp#27;[39mDEBUG&amp#27;[0;39m &amp#27;[36mcom.insider.pages.BasePage&amp#27;[0;39m - &amp#27;[32mChecking if element is present: By.id: wt-cli-accept-all-btn
&amp#27;[0;39m11:48:56.568 [main] &amp#27;[39mDEBUG&amp#27;[0;39m &amp#27;[36mcom.insider.pages.BasePage&amp#27;[0;39m - &amp#27;[32mElement present status for By.id: wt-cli-accept-all-btn: true
&amp#27;[0;39m11:48:56.573 [main] &amp#27;[34mINFO &amp#27;[0;39m &amp#27;[36mcom.insider.pages.BasePage&amp#27;[0;39m - &amp#27;[32mCookie banner detected, attempting to accept cookies
&amp#27;[0;39m11:48:56.573 [main] &amp#27;[39mDEBUG&amp#27;[0;39m &amp#27;[36mcom.insider.pages.BasePage&amp#27;[0;39m - &amp#27;[32mAttempting to click element with locator: By.id: wt-cli-accept-all-btn
&amp#27;[0;39m11:48:56.885 [main] &amp#27;[34mINFO &amp#27;[0;39m &amp#27;[36mcom.insider.pages.BasePage&amp#27;[0;39m - &amp#27;[32mSuccessfully clicked element: By.id: wt-cli-accept-all-btn
&amp#27;[0;39m11:48:56.886 [main] &amp#27;[39mDEBUG&amp#27;[0;39m &amp#27;[36mcom.insider.pages.BasePage&amp#27;[0;39m - &amp#27;[32mWaiting for element to be visible: By.cssSelector: body
&amp#27;[0;39m11:48:56.949 [main] &amp#27;[39mDEBUG&amp#27;[0;39m &amp#27;[36mcom.insider.pages.BasePage&amp#27;[0;39m - &amp#27;[32mElement is now visible: By.cssSelector: body
&amp#27;[0;39m11:48:56.950 [main] &amp#27;[34mINFO &amp#27;[0;39m &amp#27;[36mcom.insider.pages.BasePage&amp#27;[0;39m - &amp#27;[32m✓ SUCCESS: Successfully accepted cookies
&amp#27;[0;39m11:48:56.951 [main] &amp#27;[34mINFO &amp#27;[0;39m &amp#27;[36mcom.insider.pages.BasePage&amp#27;[0;39m - &amp#27;[32mTest Step: Verifying home page is loaded correctly
&amp#27;[0;39m11:48:56.963 [main] &amp#27;[39mDEBUG&amp#27;[0;39m &amp#27;[36mcom.insider.pages.BasePage&amp#27;[0;39m - &amp#27;[32mCurrent page title: #1 Leader in Individualized, Cross-Channel CX — Insider
&amp#27;[0;39m11:48:57.018 [main] &amp#27;[39mDEBUG&amp#27;[0;39m &amp#27;[36mcom.insider.pages.BasePage&amp#27;[0;39m - &amp#27;[32mCurrent URL: https://useinsider.com/
&amp#27;[0;39m11:48:57.035 [main] &amp#27;[34mINFO &amp#27;[0;39m &amp#27;[36mcom.insider.pages.BasePage&amp#27;[0;39m - &amp#27;[32m✓ SUCCESS: Home page loaded successfully - Title: '#1 Leader in Individualized, Cross-Channel CX — Insider' | URL: https://useinsider.com/
&amp#27;[0;39m11:48:57.055 [main] &amp#27;[34mINFO &amp#27;[0;39m &amp#27;[36mc.insider.tests.InsiderWebsiteTest&amp#27;[0;39m - &amp#27;[32m╔══════════════════════════════════════════════════════════════════════════════════════════╗
&amp#27;[0;39m11:48:57.071 [main] &amp#27;[34mINFO &amp#27;[0;39m &amp#27;[36mc.insider.tests.InsiderWebsiteTest&amp#27;[0;39m - &amp#27;[32m║ ✓ TEST PASSED: Home Page Load Test
&amp#27;[0;39m11:48:57.071 [main] &amp#27;[34mINFO &amp#27;[0;39m &amp#27;[36mc.insider.tests.InsiderWebsiteTest&amp#27;[0;39m - &amp#27;[32m╚══════════════════════════════════════════════════════════════════════════════════════════╝
&amp#27;[0;39m11:48:57.175 [main] &amp#27;[34mINFO &amp#27;[0;39m &amp#27;[36mTEST_RESULTS&amp#27;[0;39m - &amp#27;[32m✓ TEST PASSED: Home Page Load Test
&amp#27;[0;39m]]></system-out>
    <system-err><![CDATA[Eyl 09, 2025 11:48:52 ÖÖ org.openqa.selenium.devtools.CdpVersionFinder findNearestMatch
WARNING: Unable to find CDP implementation matching 140
Eyl 09, 2025 11:48:52 ÖÖ org.openqa.selenium.chromium.ChromiumDriver lambda$new$5
WARNING: Unable to find version of CDP to use for 140.0.7339.81. You may need to include a dependency on a specific version of the CDP using something similar to `org.seleniumhq.selenium:selenium-devtools-v86:4.15.0` where the version ("v86") matches the version of the chromium-based browser you're using and the version number of the artifact is the same as Selenium's.
]]></system-err>
  </testcase>
  <testcase name="testCareersPageAndBlocks" classname="com.insider.tests.InsiderWebsiteTest" time="27.194">
    <system-out><![CDATA[11:48:57.189 [main] &amp#27;[34mINFO &amp#27;[0;39m &amp#27;[36mc.insider.tests.InsiderWebsiteTest&amp#27;[0;39m - &amp#27;[32m=== TEST TEARDOWN STARTED ===
&amp#27;[0;39m11:48:57.514 [main] &amp#27;[34mINFO &amp#27;[0;39m &amp#27;[36mc.insider.tests.InsiderWebsiteTest&amp#27;[0;39m - &amp#27;[32m✓ Test environment cleanup completed successfully
&amp#27;[0;39m11:48:57.515 [main] &amp#27;[34mINFO &amp#27;[0;39m &amp#27;[36mc.insider.tests.InsiderWebsiteTest&amp#27;[0;39m - &amp#27;[32m=== TEST TEARDOWN COMPLETED ===
&amp#27;[0;39m11:48:57.520 [main] &amp#27;[34mINFO &amp#27;[0;39m &amp#27;[36mc.insider.tests.InsiderWebsiteTest&amp#27;[0;39m - &amp#27;[32m=== TEST SETUP STARTED ===
&amp#27;[0;39m11:48:59.194 [main] &amp#27;[39mDEBUG&amp#27;[0;39m &amp#27;[36mc.insider.tests.InsiderWebsiteTest&amp#27;[0;39m - &amp#27;[32mInitializing page objects
&amp#27;[0;39m11:48:59.195 [main] &amp#27;[39mDEBUG&amp#27;[0;39m &amp#27;[36mcom.insider.pages.BasePage&amp#27;[0;39m - &amp#27;[32mInitialized BasePage with WebDriver: ChromeDriver
&amp#27;[0;39m11:48:59.195 [main] &amp#27;[39mDEBUG&amp#27;[0;39m &amp#27;[36mcom.insider.pages.BasePage&amp#27;[0;39m - &amp#27;[32mInitialized BasePage with WebDriver: ChromeDriver
&amp#27;[0;39m11:48:59.195 [main] &amp#27;[39mDEBUG&amp#27;[0;39m &amp#27;[36mcom.insider.pages.BasePage&amp#27;[0;39m - &amp#27;[32mInitialized BasePage with WebDriver: ChromeDriver
&amp#27;[0;39m11:48:59.196 [main] &amp#27;[39mDEBUG&amp#27;[0;39m &amp#27;[36mcom.insider.pages.BasePage&amp#27;[0;39m - &amp#27;[32mInitialized BasePage with WebDriver: ChromeDriver
&amp#27;[0;39m11:48:59.196 [main] &amp#27;[39mDEBUG&amp#27;[0;39m &amp#27;[36mc.insider.tests.InsiderWebsiteTest&amp#27;[0;39m - &amp#27;[32mAll page objects initialized successfully
&amp#27;[0;39m11:48:59.197 [main] &amp#27;[34mINFO &amp#27;[0;39m &amp#27;[36mc.insider.tests.InsiderWebsiteTest&amp#27;[0;39m - &amp#27;[32m✓ Test environment setup completed successfully
&amp#27;[0;39m11:48:59.198 [main] &amp#27;[34mINFO &amp#27;[0;39m &amp#27;[36mc.insider.tests.InsiderWebsiteTest&amp#27;[0;39m - &amp#27;[32m=== TEST SETUP COMPLETED ===
&amp#27;[0;39m11:48:59.201 [main] &amp#27;[34mINFO &amp#27;[0;39m &amp#27;[36mc.insider.tests.InsiderWebsiteTest&amp#27;[0;39m - &amp#27;[32m╔══════════════════════════════════════════════════════════════════════════════════════════╗
&amp#27;[0;39m11:48:59.202 [main] &amp#27;[34mINFO &amp#27;[0;39m &amp#27;[36mc.insider.tests.InsiderWebsiteTest&amp#27;[0;39m - &amp#27;[32m║ STARTING TEST: Careers Page and Blocks Test
&amp#27;[0;39m11:48:59.203 [main] &amp#27;[34mINFO &amp#27;[0;39m &amp#27;[36mc.insider.tests.InsiderWebsiteTest&amp#27;[0;39m - &amp#27;[32m║ DESCRIPTION: Verify Careers page navigation and required blocks presence
&amp#27;[0;39m11:48:59.203 [main] &amp#27;[34mINFO &amp#27;[0;39m &amp#27;[36mc.insider.tests.InsiderWebsiteTest&amp#27;[0;39m - &amp#27;[32m╚══════════════════════════════════════════════════════════════════════════════════════════╝
&amp#27;[0;39m11:48:59.204 [main] &amp#27;[34mINFO &amp#27;[0;39m &amp#27;[36mTEST_RESULTS&amp#27;[0;39m - &amp#27;[32mTEST STARTED: Careers Page and Blocks Test - Verify Careers page navigation and required blocks presence
&amp#27;[0;39m11:48:59.205 [main] &amp#27;[34mINFO &amp#27;[0;39m &amp#27;[36mcom.insider.pages.BasePage&amp#27;[0;39m - &amp#27;[32mTest Step: Navigating to Insider home page
&amp#27;[0;39m11:48:59.205 [main] &amp#27;[34mINFO &amp#27;[0;39m &amp#27;[36mcom.insider.pages.BasePage&amp#27;[0;39m - &amp#27;[32mPage Navigation - Action: Navigate | URL: https://useinsider.com/
&amp#27;[0;39m11:49:03.254 [main] &amp#27;[34mINFO &amp#27;[0;39m &amp#27;[36mcom.insider.pages.BasePage&amp#27;[0;39m - &amp#27;[32m✓ SUCCESS: Successfully navigated to home page
&amp#27;[0;39m11:49:03.255 [main] &amp#27;[34mINFO &amp#27;[0;39m &amp#27;[36mcom.insider.pages.BasePage&amp#27;[0;39m - &amp#27;[32mTest Step: Attempting to accept cookies if banner is present
&amp#27;[0;39m11:49:03.255 [main] &amp#27;[39mDEBUG&amp#27;[0;39m &amp#27;[36mcom.insider.pages.BasePage&amp#27;[0;39m - &amp#27;[32mChecking if element is present: By.id: cookie-law-info-bar
&amp#27;[0;39m11:49:03.324 [main] &amp#27;[39mDEBUG&amp#27;[0;39m &amp#27;[36mcom.insider.pages.BasePage&amp#27;[0;39m - &amp#27;[32mElement present status for By.id: cookie-law-info-bar: true
&amp#27;[0;39m11:49:03.324 [main] &amp#27;[39mDEBUG&amp#27;[0;39m &amp#27;[36mcom.insider.pages.BasePage&amp#27;[0;39m - &amp#27;[32mChecking if element is present: By.id: wt-cli-accept-all-btn
&amp#27;[0;39m11:49:03.536 [main] &amp#27;[39mDEBUG&amp#27;[0;39m &amp#27;[36mcom.insider.pages.BasePage&amp#27;[0;39m - &amp#27;[32mElement present status for By.id: wt-cli-accept-all-btn: true
&amp#27;[0;39m11:49:03.537 [main] &amp#27;[34mINFO &amp#27;[0;39m &amp#27;[36mcom.insider.pages.BasePage&amp#27;[0;39m - &amp#27;[32mCookie banner detected, attempting to accept cookies
&amp#27;[0;39m11:49:03.537 [main] &amp#27;[39mDEBUG&amp#27;[0;39m &amp#27;[36mcom.insider.pages.BasePage&amp#27;[0;39m - &amp#27;[32mAttempting to click element with locator: By.id: wt-cli-accept-all-btn
&amp#27;[0;39m11:49:03.947 [main] &amp#27;[34mINFO &amp#27;[0;39m &amp#27;[36mcom.insider.pages.BasePage&amp#27;[0;39m - &amp#27;[32mSuccessfully clicked element: By.id: wt-cli-accept-all-btn
&amp#27;[0;39m11:49:03.948 [main] &amp#27;[39mDEBUG&amp#27;[0;39m &amp#27;[36mcom.insider.pages.BasePage&amp#27;[0;39m - &amp#27;[32mWaiting for element to be visible: By.cssSelector: body
&amp#27;[0;39m11:49:04.022 [main] &amp#27;[39mDEBUG&amp#27;[0;39m &amp#27;[36mcom.insider.pages.BasePage&amp#27;[0;39m - &amp#27;[32mElement is now visible: By.cssSelector: body
&amp#27;[0;39m11:49:04.023 [main] &amp#27;[34mINFO &amp#27;[0;39m &amp#27;[36mcom.insider.pages.BasePage&amp#27;[0;39m - &amp#27;[32m✓ SUCCESS: Successfully accepted cookies
&amp#27;[0;39m11:49:04.023 [main] &amp#27;[34mINFO &amp#27;[0;39m &amp#27;[36mcom.insider.pages.BasePage&amp#27;[0;39m - &amp#27;[32mTest Step: Navigating to Careers page through Company menu
&amp#27;[0;39m11:49:04.023 [main] &amp#27;[34mINFO &amp#27;[0;39m &amp#27;[36mcom.insider.pages.BasePage&amp#27;[0;39m - &amp#27;[32mTest Step: Attempting to accept cookies if banner is present
&amp#27;[0;39m11:49:04.023 [main] &amp#27;[39mDEBUG&amp#27;[0;39m &amp#27;[36mcom.insider.pages.BasePage&amp#27;[0;39m - &amp#27;[32mChecking if element is present: By.id: cookie-law-info-bar
&amp#27;[0;39m11:49:04.126 [main] &amp#27;[39mDEBUG&amp#27;[0;39m &amp#27;[36mcom.insider.pages.BasePage&amp#27;[0;39m - &amp#27;[32mElement present status for By.id: cookie-law-info-bar: true
&amp#27;[0;39m11:49:04.133 [main] &amp#27;[39mDEBUG&amp#27;[0;39m &amp#27;[36mcom.insider.pages.BasePage&amp#27;[0;39m - &amp#27;[32mChecking if element is present: By.id: wt-cli-accept-all-btn
&amp#27;[0;39m11:49:24.340 [main] &amp#27;[39mDEBUG&amp#27;[0;39m &amp#27;[36mcom.insider.pages.BasePage&amp#27;[0;39m - &amp#27;[32mElement not present (timeout): By.id: wt-cli-accept-all-btn
&amp#27;[0;39m11:49:24.341 [main] &amp#27;[39mDEBUG&amp#27;[0;39m &amp#27;[36mcom.insider.pages.BasePage&amp#27;[0;39m - &amp#27;[32mNo cookie banner found or accept button not available
&amp#27;[0;39m11:49:24.341 [main] &amp#27;[34mINFO &amp#27;[0;39m &amp#27;[36mcom.insider.pages.BasePage&amp#27;[0;39m - &amp#27;[32mTest Step: Attempting to dismiss announcement banner if present
&amp#27;[0;39m11:49:24.382 [main] &amp#27;[34mINFO &amp#27;[0;39m &amp#27;[36mcom.insider.pages.BasePage&amp#27;[0;39m - &amp#27;[32mAnnouncement banner detected, attempting to dismiss
&amp#27;[0;39m11:49:24.403 [main] &amp#27;[34mINFO &amp#27;[0;39m &amp#27;[36mcom.insider.pages.BasePage&amp#27;[0;39m - &amp#27;[32m✓ SUCCESS: Dismissed announcement banner using JavaScript
&amp#27;[0;39m11:49:24.404 [main] &amp#27;[34mINFO &amp#27;[0;39m &amp#27;[36mcom.insider.pages.BasePage&amp#27;[0;39m - &amp#27;[32mTest Step: Clicking Company menu in navigation
&amp#27;[0;39m11:49:24.404 [main] &amp#27;[34mINFO &amp#27;[0;39m &amp#27;[36mcom.insider.pages.BasePage&amp#27;[0;39m - &amp#27;[32mTest Step: Attempting to dismiss announcement banner if present
&amp#27;[0;39m11:49:24.433 [main] &amp#27;[34mINFO &amp#27;[0;39m &amp#27;[36mcom.insider.pages.BasePage&amp#27;[0;39m - &amp#27;[32mAnnouncement banner detected, attempting to dismiss
&amp#27;[0;39m11:49:24.451 [main] &amp#27;[34mINFO &amp#27;[0;39m &amp#27;[36mcom.insider.pages.BasePage&amp#27;[0;39m - &amp#27;[32m✓ SUCCESS: Dismissed announcement banner using JavaScript
&amp#27;[0;39m11:49:24.452 [main] &amp#27;[39mDEBUG&amp#27;[0;39m &amp#27;[36mcom.insider.pages.BasePage&amp#27;[0;39m - &amp#27;[32mAttempting to click element with locator: By.xpath: //a[contains(text(), 'Company') and @id='navbarDropdownMenuLink']
&amp#27;[0;39m11:49:24.574 [main] &amp#27;[34mINFO &amp#27;[0;39m &amp#27;[36mcom.insider.pages.BasePage&amp#27;[0;39m - &amp#27;[32mSuccessfully clicked element: By.xpath: //a[contains(text(), 'Company') and @id='navbarDropdownMenuLink']
&amp#27;[0;39m11:49:24.575 [main] &amp#27;[34mINFO &amp#27;[0;39m &amp#27;[36mcom.insider.pages.BasePage&amp#27;[0;39m - &amp#27;[32m✓ SUCCESS: Successfully clicked Company menu
&amp#27;[0;39m11:49:24.575 [main] &amp#27;[34mINFO &amp#27;[0;39m &amp#27;[36mcom.insider.pages.BasePage&amp#27;[0;39m - &amp#27;[32mTest Step: Clicking Careers link from Company dropdown
&amp#27;[0;39m11:49:24.575 [main] &amp#27;[39mDEBUG&amp#27;[0;39m &amp#27;[36mcom.insider.pages.BasePage&amp#27;[0;39m - &amp#27;[32mAttempting to click element with locator: By.cssSelector: a.dropdown-sub[href*='careers']
&amp#27;[0;39m11:49:26.019 [main] &amp#27;[34mINFO &amp#27;[0;39m &amp#27;[36mcom.insider.pages.BasePage&amp#27;[0;39m - &amp#27;[32mSuccessfully clicked element: By.cssSelector: a.dropdown-sub[href*='careers']
&amp#27;[0;39m11:49:26.020 [main] &amp#27;[34mINFO &amp#27;[0;39m &amp#27;[36mcom.insider.pages.BasePage&amp#27;[0;39m - &amp#27;[32m✓ SUCCESS: Successfully clicked Careers link
&amp#27;[0;39m11:49:26.020 [main] &amp#27;[39mDEBUG&amp#27;[0;39m &amp#27;[36mcom.insider.pages.BasePage&amp#27;[0;39m - &amp#27;[32mInitialized BasePage with WebDriver: ChromeDriver
&amp#27;[0;39m11:49:26.020 [main] &amp#27;[34mINFO &amp#27;[0;39m &amp#27;[36mcom.insider.pages.BasePage&amp#27;[0;39m - &amp#27;[32m✓ SUCCESS: Successfully navigated to Careers page
&amp#27;[0;39m11:49:26.020 [main] &amp#27;[34mINFO &amp#27;[0;39m &amp#27;[36mc.insider.tests.InsiderWebsiteTest&amp#27;[0;39m - &amp#27;[32mVerifying careers page is loaded correctly
&amp#27;[0;39m11:49:26.026 [main] &amp#27;[39mDEBUG&amp#27;[0;39m &amp#27;[36mcom.insider.pages.BasePage&amp#27;[0;39m - &amp#27;[32mCurrent URL: https://useinsider.com/careers/
&amp#27;[0;39m11:49:26.032 [main] &amp#27;[39mDEBUG&amp#27;[0;39m &amp#27;[36mcom.insider.pages.BasePage&amp#27;[0;39m - &amp#27;[32mCurrent page title: Ready to disrupt? | Insider Careers
&amp#27;[0;39m11:49:26.033 [main] &amp#27;[34mINFO &amp#27;[0;39m &amp#27;[36mc.insider.tests.InsiderWebsiteTest&amp#27;[0;39m - &amp#27;[32m✓ Careers page loaded successfully
&amp#27;[0;39m11:49:26.033 [main] &amp#27;[34mINFO &amp#27;[0;39m &amp#27;[36mc.insider.tests.InsiderWebsiteTest&amp#27;[0;39m - &amp#27;[32mChecking presence of required blocks on careers page
&amp#27;[0;39m11:49:26.033 [main] &amp#27;[39mDEBUG&amp#27;[0;39m &amp#27;[36mcom.insider.pages.BasePage&amp#27;[0;39m - &amp#27;[32mChecking if element is present: By.xpath: //h3[contains(text(), 'Our Locations')]
&amp#27;[0;39m11:49:26.072 [main] &amp#27;[39mDEBUG&amp#27;[0;39m &amp#27;[36mcom.insider.pages.BasePage&amp#27;[0;39m - &amp#27;[32mElement present status for By.xpath: //h3[contains(text(), 'Our Locations')]: true
&amp#27;[0;39m11:49:26.073 [main] &amp#27;[39mDEBUG&amp#27;[0;39m &amp#27;[36mcom.insider.pages.BasePage&amp#27;[0;39m - &amp#27;[32mChecking if element is present: By.cssSelector: ul[class='glide__slides']
&amp#27;[0;39m11:49:26.109 [main] &amp#27;[39mDEBUG&amp#27;[0;39m &amp#27;[36mcom.insider.pages.BasePage&amp#27;[0;39m - &amp#27;[32mElement present status for By.cssSelector: ul[class='glide__slides']: true
&amp#27;[0;39m11:49:26.110 [main] &amp#27;[34mINFO &amp#27;[0;39m &amp#27;[36mc.insider.tests.InsiderWebsiteTest&amp#27;[0;39m - &amp#27;[32m✓ Locations block is present
&amp#27;[0;39m11:49:26.110 [main] &amp#27;[39mDEBUG&amp#27;[0;39m &amp#27;[36mcom.insider.pages.BasePage&amp#27;[0;39m - &amp#27;[32mChecking if element is present: By.xpath: //h3[contains(text(), 'Find your calling')]
&amp#27;[0;39m11:49:26.145 [main] &amp#27;[39mDEBUG&amp#27;[0;39m &amp#27;[36mcom.insider.pages.BasePage&amp#27;[0;39m - &amp#27;[32mElement present status for By.xpath: //h3[contains(text(), 'Find your calling')]: true
&amp#27;[0;39m11:49:26.145 [main] &amp#27;[39mDEBUG&amp#27;[0;39m &amp#27;[36mcom.insider.pages.BasePage&amp#27;[0;39m - &amp#27;[32mChecking if element is present: By.cssSelector: div[class='job-image text-center']
&amp#27;[0;39m11:49:26.178 [main] &amp#27;[39mDEBUG&amp#27;[0;39m &amp#27;[36mcom.insider.pages.BasePage&amp#27;[0;39m - &amp#27;[32mElement present status for By.cssSelector: div[class='job-image text-center']: true
&amp#27;[0;39m11:49:26.178 [main] &amp#27;[34mINFO &amp#27;[0;39m &amp#27;[36mc.insider.tests.InsiderWebsiteTest&amp#27;[0;39m - &amp#27;[32m✓ Teams block is present
&amp#27;[0;39m11:49:26.179 [main] &amp#27;[39mDEBUG&amp#27;[0;39m &amp#27;[36mcom.insider.pages.BasePage&amp#27;[0;39m - &amp#27;[32mChecking if element is present: By.xpath: //h2[contains(text(), 'Life at Insider')]
&amp#27;[0;39m11:49:26.213 [main] &amp#27;[39mDEBUG&amp#27;[0;39m &amp#27;[36mcom.insider.pages.BasePage&amp#27;[0;39m - &amp#27;[32mElement present status for By.xpath: //h2[contains(text(), 'Life at Insider')]: true
&amp#27;[0;39m11:49:26.213 [main] &amp#27;[39mDEBUG&amp#27;[0;39m &amp#27;[36mcom.insider.pages.BasePage&amp#27;[0;39m - &amp#27;[32mChecking if element is present: By.cssSelector: div[class='swiper-wrapper']
&amp#27;[0;39m11:49:26.251 [main] &amp#27;[39mDEBUG&amp#27;[0;39m &amp#27;[36mcom.insider.pages.BasePage&amp#27;[0;39m - &amp#27;[32mElement present status for By.cssSelector: div[class='swiper-wrapper']: true
&amp#27;[0;39m11:49:26.251 [main] &amp#27;[34mINFO &amp#27;[0;39m &amp#27;[36mc.insider.tests.InsiderWebsiteTest&amp#27;[0;39m - &amp#27;[32m✓ Life at Insider block is present
&amp#27;[0;39m11:49:26.252 [main] &amp#27;[39mDEBUG&amp#27;[0;39m &amp#27;[36mcom.insider.pages.BasePage&amp#27;[0;39m - &amp#27;[32mChecking if element is present: By.xpath: //h3[contains(text(), 'Our Locations')]
&amp#27;[0;39m11:49:26.278 [main] &amp#27;[39mDEBUG&amp#27;[0;39m &amp#27;[36mcom.insider.pages.BasePage&amp#27;[0;39m - &amp#27;[32mElement present status for By.xpath: //h3[contains(text(), 'Our Locations')]: true
&amp#27;[0;39m11:49:26.279 [main] &amp#27;[39mDEBUG&amp#27;[0;39m &amp#27;[36mcom.insider.pages.BasePage&amp#27;[0;39m - &amp#27;[32mChecking if element is present: By.cssSelector: ul[class='glide__slides']
&amp#27;[0;39m11:49:26.305 [main] &amp#27;[39mDEBUG&amp#27;[0;39m &amp#27;[36mcom.insider.pages.BasePage&amp#27;[0;39m - &amp#27;[32mElement present status for By.cssSelector: ul[class='glide__slides']: true
&amp#27;[0;39m11:49:26.305 [main] &amp#27;[39mDEBUG&amp#27;[0;39m &amp#27;[36mcom.insider.pages.BasePage&amp#27;[0;39m - &amp#27;[32mChecking if element is present: By.xpath: //h3[contains(text(), 'Find your calling')]
&amp#27;[0;39m11:49:26.327 [main] &amp#27;[39mDEBUG&amp#27;[0;39m &amp#27;[36mcom.insider.pages.BasePage&amp#27;[0;39m - &amp#27;[32mElement present status for By.xpath: //h3[contains(text(), 'Find your calling')]: true
&amp#27;[0;39m11:49:26.327 [main] &amp#27;[39mDEBUG&amp#27;[0;39m &amp#27;[36mcom.insider.pages.BasePage&amp#27;[0;39m - &amp#27;[32mChecking if element is present: By.cssSelector: div[class='job-image text-center']
&amp#27;[0;39m11:49:26.349 [main] &amp#27;[39mDEBUG&amp#27;[0;39m &amp#27;[36mcom.insider.pages.BasePage&amp#27;[0;39m - &amp#27;[32mElement present status for By.cssSelector: div[class='job-image text-center']: true
&amp#27;[0;39m11:49:26.350 [main] &amp#27;[39mDEBUG&amp#27;[0;39m &amp#27;[36mcom.insider.pages.BasePage&amp#27;[0;39m - &amp#27;[32mChecking if element is present: By.xpath: //h2[contains(text(), 'Life at Insider')]
&amp#27;[0;39m11:49:26.372 [main] &amp#27;[39mDEBUG&amp#27;[0;39m &amp#27;[36mcom.insider.pages.BasePage&amp#27;[0;39m - &amp#27;[32mElement present status for By.xpath: //h2[contains(text(), 'Life at Insider')]: true
&amp#27;[0;39m11:49:26.372 [main] &amp#27;[39mDEBUG&amp#27;[0;39m &amp#27;[36mcom.insider.pages.BasePage&amp#27;[0;39m - &amp#27;[32mChecking if element is present: By.cssSelector: div[class='swiper-wrapper']
&amp#27;[0;39m11:49:26.395 [main] &amp#27;[39mDEBUG&amp#27;[0;39m &amp#27;[36mcom.insider.pages.BasePage&amp#27;[0;39m - &amp#27;[32mElement present status for By.cssSelector: div[class='swiper-wrapper']: true
&amp#27;[0;39m11:49:26.395 [main] &amp#27;[34mINFO &amp#27;[0;39m &amp#27;[36mc.insider.tests.InsiderWebsiteTest&amp#27;[0;39m - &amp#27;[32m✓ All required blocks verified successfully
&amp#27;[0;39m11:49:26.395 [main] &amp#27;[34mINFO &amp#27;[0;39m &amp#27;[36mc.insider.tests.InsiderWebsiteTest&amp#27;[0;39m - &amp#27;[32m╔══════════════════════════════════════════════════════════════════════════════════════════╗
&amp#27;[0;39m11:49:26.396 [main] &amp#27;[34mINFO &amp#27;[0;39m &amp#27;[36mc.insider.tests.InsiderWebsiteTest&amp#27;[0;39m - &amp#27;[32m║ ✓ TEST PASSED: Careers Page and Blocks Test
&amp#27;[0;39m11:49:26.396 [main] &amp#27;[34mINFO &amp#27;[0;39m &amp#27;[36mc.insider.tests.InsiderWebsiteTest&amp#27;[0;39m - &amp#27;[32m╚══════════════════════════════════════════════════════════════════════════════════════════╝
&amp#27;[0;39m11:49:26.396 [main] &amp#27;[34mINFO &amp#27;[0;39m &amp#27;[36mTEST_RESULTS&amp#27;[0;39m - &amp#27;[32m✓ TEST PASSED: Careers Page and Blocks Test
&amp#27;[0;39m]]></system-out>
    <system-err><![CDATA[Eyl 09, 2025 11:48:59 ÖÖ org.openqa.selenium.devtools.CdpVersionFinder findNearestMatch
WARNING: Unable to find CDP implementation matching 140
Eyl 09, 2025 11:48:59 ÖÖ org.openqa.selenium.chromium.ChromiumDriver lambda$new$5
WARNING: Unable to find version of CDP to use for 140.0.7339.81. You may need to include a dependency on a specific version of the CDP using something similar to `org.seleniumhq.selenium:selenium-devtools-v86:4.15.0` where the version ("v86") matches the version of the chromium-based browser you're using and the version number of the artifact is the same as Selenium's.
]]></system-err>
  </testcase>
  <testcase name="testQAJobsFiltering" classname="com.insider.tests.InsiderWebsiteTest" time="8.096">
    <system-out><![CDATA[11:49:26.397 [main] &amp#27;[34mINFO &amp#27;[0;39m &amp#27;[36mc.insider.tests.InsiderWebsiteTest&amp#27;[0;39m - &amp#27;[32m=== TEST TEARDOWN STARTED ===
&amp#27;[0;39m11:49:26.630 [main] &amp#27;[34mINFO &amp#27;[0;39m &amp#27;[36mc.insider.tests.InsiderWebsiteTest&amp#27;[0;39m - &amp#27;[32m✓ Test environment cleanup completed successfully
&amp#27;[0;39m11:49:26.631 [main] &amp#27;[34mINFO &amp#27;[0;39m &amp#27;[36mc.insider.tests.InsiderWebsiteTest&amp#27;[0;39m - &amp#27;[32m=== TEST TEARDOWN COMPLETED ===
&amp#27;[0;39m11:49:26.633 [main] &amp#27;[34mINFO &amp#27;[0;39m &amp#27;[36mc.insider.tests.InsiderWebsiteTest&amp#27;[0;39m - &amp#27;[32m=== TEST SETUP STARTED ===
&amp#27;[0;39m11:49:27.991 [main] &amp#27;[39mDEBUG&amp#27;[0;39m &amp#27;[36mc.insider.tests.InsiderWebsiteTest&amp#27;[0;39m - &amp#27;[32mInitializing page objects
&amp#27;[0;39m11:49:27.992 [main] &amp#27;[39mDEBUG&amp#27;[0;39m &amp#27;[36mcom.insider.pages.BasePage&amp#27;[0;39m - &amp#27;[32mInitialized BasePage with WebDriver: ChromeDriver
&amp#27;[0;39m11:49:27.992 [main] &amp#27;[39mDEBUG&amp#27;[0;39m &amp#27;[36mcom.insider.pages.BasePage&amp#27;[0;39m - &amp#27;[32mInitialized BasePage with WebDriver: ChromeDriver
&amp#27;[0;39m11:49:27.992 [main] &amp#27;[39mDEBUG&amp#27;[0;39m &amp#27;[36mcom.insider.pages.BasePage&amp#27;[0;39m - &amp#27;[32mInitialized BasePage with WebDriver: ChromeDriver
&amp#27;[0;39m11:49:27.992 [main] &amp#27;[39mDEBUG&amp#27;[0;39m &amp#27;[36mcom.insider.pages.BasePage&amp#27;[0;39m - &amp#27;[32mInitialized BasePage with WebDriver: ChromeDriver
&amp#27;[0;39m11:49:27.992 [main] &amp#27;[39mDEBUG&amp#27;[0;39m &amp#27;[36mc.insider.tests.InsiderWebsiteTest&amp#27;[0;39m - &amp#27;[32mAll page objects initialized successfully
&amp#27;[0;39m11:49:27.992 [main] &amp#27;[34mINFO &amp#27;[0;39m &amp#27;[36mc.insider.tests.InsiderWebsiteTest&amp#27;[0;39m - &amp#27;[32m✓ Test environment setup completed successfully
&amp#27;[0;39m11:49:27.992 [main] &amp#27;[34mINFO &amp#27;[0;39m &amp#27;[36mc.insider.tests.InsiderWebsiteTest&amp#27;[0;39m - &amp#27;[32m=== TEST SETUP COMPLETED ===
&amp#27;[0;39m11:49:27.993 [main] &amp#27;[39mDEBUG&amp#27;[0;39m &amp#27;[36mcom.insider.pages.BasePage&amp#27;[0;39m - &amp#27;[32mInitialized BasePage with WebDriver: ChromeDriver
&amp#27;[0;39m11:49:30.527 [main] &amp#27;[34mINFO &amp#27;[0;39m &amp#27;[36mcom.insider.pages.BasePage&amp#27;[0;39m - &amp#27;[32mTest Step: Clicking 'See All QA Jobs' button
&amp#27;[0;39m11:49:30.528 [main] &amp#27;[39mDEBUG&amp#27;[0;39m &amp#27;[36mcom.insider.pages.BasePage&amp#27;[0;39m - &amp#27;[32mChecking if element is present: By.id: cookie-law-info-bar
&amp#27;[0;39m11:49:30.565 [main] &amp#27;[39mDEBUG&amp#27;[0;39m &amp#27;[36mcom.insider.pages.BasePage&amp#27;[0;39m - &amp#27;[32mElement present status for By.id: cookie-law-info-bar: true
&amp#27;[0;39m11:49:30.566 [main] &amp#27;[39mDEBUG&amp#27;[0;39m &amp#27;[36mcom.insider.pages.BasePage&amp#27;[0;39m - &amp#27;[32mChecking if element is present: By.id: wt-cli-accept-all-btn
&amp#27;[0;39m11:49:30.606 [main] &amp#27;[39mDEBUG&amp#27;[0;39m &amp#27;[36mcom.insider.pages.BasePage&amp#27;[0;39m - &amp#27;[32mElement present status for By.id: wt-cli-accept-all-btn: true
&amp#27;[0;39m11:49:30.607 [main] &amp#27;[39mDEBUG&amp#27;[0;39m &amp#27;[36mcom.insider.pages.BasePage&amp#27;[0;39m - &amp#27;[32mAttempting to click element with locator: By.id: wt-cli-accept-all-btn
&amp#27;[0;39m11:49:31.021 [main] &amp#27;[34mINFO &amp#27;[0;39m &amp#27;[36mcom.insider.pages.BasePage&amp#27;[0;39m - &amp#27;[32mSuccessfully clicked element: By.id: wt-cli-accept-all-btn
&amp#27;[0;39m11:49:31.021 [main] &amp#27;[39mDEBUG&amp#27;[0;39m &amp#27;[36mcom.insider.pages.BasePage&amp#27;[0;39m - &amp#27;[32mAttempting to click element with locator: By.cssSelector: a[href*='qualityassurance'].btn, a[class*='btn'][href*='quality']
&amp#27;[0;39m11:49:32.522 [main] &amp#27;[34mINFO &amp#27;[0;39m &amp#27;[36mcom.insider.pages.BasePage&amp#27;[0;39m - &amp#27;[32mSuccessfully clicked element: By.cssSelector: a[href*='qualityassurance'].btn, a[class*='btn'][href*='quality']
&amp#27;[0;39m11:49:32.522 [main] &amp#27;[39mDEBUG&amp#27;[0;39m &amp#27;[36mcom.insider.pages.BasePage&amp#27;[0;39m - &amp#27;[32mWaiting for element to be visible: By.id: filter-by-location
&amp#27;[0;39m11:49:33.062 [main] &amp#27;[39mDEBUG&amp#27;[0;39m &amp#27;[36mcom.insider.pages.BasePage&amp#27;[0;39m - &amp#27;[32mElement is now visible: By.id: filter-by-location
&amp#27;[0;39m11:49:33.062 [main] &amp#27;[34mINFO &amp#27;[0;39m &amp#27;[36mcom.insider.pages.BasePage&amp#27;[0;39m - &amp#27;[32m✓ SUCCESS: Successfully navigated to QA jobs page and filters are visible
&amp#27;[0;39m11:49:33.062 [main] &amp#27;[34mINFO &amp#27;[0;39m &amp#27;[36mcom.insider.pages.BasePage&amp#27;[0;39m - &amp#27;[32mTest Step: Filtering jobs by location: Istanbul, Turkiye
&amp#27;[0;39m11:49:33.062 [main] &amp#27;[39mDEBUG&amp#27;[0;39m &amp#27;[36mcom.insider.pages.BasePage&amp#27;[0;39m - &amp#27;[32mWaiting for element to be clickable: By.id: filter-by-location
&amp#27;[0;39m11:49:33.086 [main] &amp#27;[39mDEBUG&amp#27;[0;39m &amp#27;[36mcom.insider.pages.BasePage&amp#27;[0;39m - &amp#27;[32mElement is now clickable: By.id: filter-by-location
&amp#27;[0;39m11:49:33.086 [main] &amp#27;[39mDEBUG&amp#27;[0;39m &amp#27;[36mcom.insider.pages.BasePage&amp#27;[0;39m - &amp#27;[32mWaiting for element to be visible: By.id: filter-by-location
&amp#27;[0;39m11:49:33.100 [main] &amp#27;[39mDEBUG&amp#27;[0;39m &amp#27;[36mcom.insider.pages.BasePage&amp#27;[0;39m - &amp#27;[32mElement is now visible: By.id: filter-by-location
&amp#27;[0;39m11:49:33.110 [main] &amp#27;[39mDEBUG&amp#27;[0;39m &amp#27;[36mcom.insider.pages.QACareersPage&amp#27;[0;39m - &amp#27;[32mWaiting for location dropdown options to load
&amp#27;[0;39m11:49:35.804 [main] &amp#27;[39mDEBUG&amp#27;[0;39m &amp#27;[36mcom.insider.pages.QACareersPage&amp#27;[0;39m - &amp#27;[32mLocation dropdown options loaded successfully
&amp#27;[0;39m11:49:35.804 [main] &amp#27;[34mINFO &amp#27;[0;39m &amp#27;[36mcom.insider.pages.QACareersPage&amp#27;[0;39m - &amp#27;[32mSelecting location: Istanbul, Turkiye
&amp#27;[0;39m11:49:35.888 [main] &amp#27;[39mDEBUG&amp#27;[0;39m &amp#27;[36mcom.insider.pages.BasePage&amp#27;[0;39m - &amp#27;[32mWaiting for element to be visible: By.cssSelector: #jobs-list .position-list-item
&amp#27;[0;39m11:49:35.908 [main] &amp#27;[39mDEBUG&amp#27;[0;39m &amp#27;[36mcom.insider.pages.BasePage&amp#27;[0;39m - &amp#27;[32mElement is now visible: By.cssSelector: #jobs-list .position-list-item
&amp#27;[0;39m11:49:35.938 [main] &amp#27;[34mINFO &amp#27;[0;39m &amp#27;[36mcom.insider.pages.BasePage&amp#27;[0;39m - &amp#27;[32m✓ SUCCESS: Successfully filtered jobs by location: Istanbul, Turkiye
&amp#27;[0;39m11:49:35.938 [main] &amp#27;[34mINFO &amp#27;[0;39m &amp#27;[36mcom.insider.pages.BasePage&amp#27;[0;39m - &amp#27;[32mTest Step: Filtering jobs by department: Quality Assurance
&amp#27;[0;39m11:49:35.938 [main] &amp#27;[39mDEBUG&amp#27;[0;39m &amp#27;[36mcom.insider.pages.BasePage&amp#27;[0;39m - &amp#27;[32mWaiting for element to be clickable: By.id: filter-by-department
&amp#27;[0;39m11:49:35.972 [main] &amp#27;[39mDEBUG&amp#27;[0;39m &amp#27;[36mcom.insider.pages.BasePage&amp#27;[0;39m - &amp#27;[32mElement is now clickable: By.id: filter-by-department
&amp#27;[0;39m11:49:35.972 [main] &amp#27;[39mDEBUG&amp#27;[0;39m &amp#27;[36mcom.insider.pages.BasePage&amp#27;[0;39m - &amp#27;[32mWaiting for element to be visible: By.id: filter-by-department
&amp#27;[0;39m11:49:35.988 [main] &amp#27;[39mDEBUG&amp#27;[0;39m &amp#27;[36mcom.insider.pages.BasePage&amp#27;[0;39m - &amp#27;[32mElement is now visible: By.id: filter-by-department
&amp#27;[0;39m11:49:35.997 [main] &amp#27;[34mINFO &amp#27;[0;39m &amp#27;[36mcom.insider.pages.QACareersPage&amp#27;[0;39m - &amp#27;[32mSelecting department: Quality Assurance
&amp#27;[0;39m11:49:36.026 [main] &amp#27;[39mDEBUG&amp#27;[0;39m &amp#27;[36mcom.insider.pages.BasePage&amp#27;[0;39m - &amp#27;[32mWaiting for element to be visible: By.cssSelector: #jobs-list .position-list-item
&amp#27;[0;39m11:49:36.040 [main] &amp#27;[39mDEBUG&amp#27;[0;39m &amp#27;[36mcom.insider.pages.BasePage&amp#27;[0;39m - &amp#27;[32mElement is now visible: By.cssSelector: #jobs-list .position-list-item
&amp#27;[0;39m11:49:36.081 [main] &amp#27;[34mINFO &amp#27;[0;39m &amp#27;[36mcom.insider.pages.BasePage&amp#27;[0;39m - &amp#27;[32m✓ SUCCESS: Successfully filtered jobs by department: Quality Assurance
&amp#27;[0;39m]]></system-out>
    <system-err><![CDATA[Eyl 09, 2025 11:49:27 ÖÖ org.openqa.selenium.devtools.CdpVersionFinder findNearestMatch
WARNING: Unable to find CDP implementation matching 140
Eyl 09, 2025 11:49:27 ÖÖ org.openqa.selenium.chromium.ChromiumDriver lambda$new$5
WARNING: Unable to find version of CDP to use for 140.0.7339.81. You may need to include a dependency on a specific version of the CDP using something similar to `org.seleniumhq.selenium:selenium-devtools-v86:4.15.0` where the version ("v86") matches the version of the chromium-based browser you're using and the version number of the artifact is the same as Selenium's.
]]></system-err>
  </testcase>
  <testcase name="testJobDetailsValidation" classname="com.insider.tests.InsiderWebsiteTest" time="9.616">
    <system-out><![CDATA[11:49:36.089 [main] &amp#27;[34mINFO &amp#27;[0;39m &amp#27;[36mc.insider.tests.InsiderWebsiteTest&amp#27;[0;39m - &amp#27;[32m=== TEST TEARDOWN STARTED ===
&amp#27;[0;39m11:49:36.266 [main] &amp#27;[34mINFO &amp#27;[0;39m &amp#27;[36mc.insider.tests.InsiderWebsiteTest&amp#27;[0;39m - &amp#27;[32m✓ Test environment cleanup completed successfully
&amp#27;[0;39m11:49:36.266 [main] &amp#27;[34mINFO &amp#27;[0;39m &amp#27;[36mc.insider.tests.InsiderWebsiteTest&amp#27;[0;39m - &amp#27;[32m=== TEST TEARDOWN COMPLETED ===
&amp#27;[0;39m11:49:36.268 [main] &amp#27;[34mINFO &amp#27;[0;39m &amp#27;[36mc.insider.tests.InsiderWebsiteTest&amp#27;[0;39m - &amp#27;[32m=== TEST SETUP STARTED ===
&amp#27;[0;39m11:49:37.678 [main] &amp#27;[39mDEBUG&amp#27;[0;39m &amp#27;[36mc.insider.tests.InsiderWebsiteTest&amp#27;[0;39m - &amp#27;[32mInitializing page objects
&amp#27;[0;39m11:49:37.678 [main] &amp#27;[39mDEBUG&amp#27;[0;39m &amp#27;[36mcom.insider.pages.BasePage&amp#27;[0;39m - &amp#27;[32mInitialized BasePage with WebDriver: ChromeDriver
&amp#27;[0;39m11:49:37.678 [main] &amp#27;[39mDEBUG&amp#27;[0;39m &amp#27;[36mcom.insider.pages.BasePage&amp#27;[0;39m - &amp#27;[32mInitialized BasePage with WebDriver: ChromeDriver
&amp#27;[0;39m11:49:37.678 [main] &amp#27;[39mDEBUG&amp#27;[0;39m &amp#27;[36mcom.insider.pages.BasePage&amp#27;[0;39m - &amp#27;[32mInitialized BasePage with WebDriver: ChromeDriver
&amp#27;[0;39m11:49:37.678 [main] &amp#27;[39mDEBUG&amp#27;[0;39m &amp#27;[36mcom.insider.pages.BasePage&amp#27;[0;39m - &amp#27;[32mInitialized BasePage with WebDriver: ChromeDriver
&amp#27;[0;39m11:49:37.679 [main] &amp#27;[39mDEBUG&amp#27;[0;39m &amp#27;[36mc.insider.tests.InsiderWebsiteTest&amp#27;[0;39m - &amp#27;[32mAll page objects initialized successfully
&amp#27;[0;39m11:49:37.679 [main] &amp#27;[34mINFO &amp#27;[0;39m &amp#27;[36mc.insider.tests.InsiderWebsiteTest&amp#27;[0;39m - &amp#27;[32m✓ Test environment setup completed successfully
&amp#27;[0;39m11:49:37.679 [main] &amp#27;[34mINFO &amp#27;[0;39m &amp#27;[36mc.insider.tests.InsiderWebsiteTest&amp#27;[0;39m - &amp#27;[32m=== TEST SETUP COMPLETED ===
&amp#27;[0;39m11:49:37.679 [main] &amp#27;[39mDEBUG&amp#27;[0;39m &amp#27;[36mcom.insider.pages.BasePage&amp#27;[0;39m - &amp#27;[32mInitialized BasePage with WebDriver: ChromeDriver
&amp#27;[0;39m11:49:39.975 [main] &amp#27;[34mINFO &amp#27;[0;39m &amp#27;[36mcom.insider.pages.BasePage&amp#27;[0;39m - &amp#27;[32mTest Step: Clicking 'See All QA Jobs' button
&amp#27;[0;39m11:49:39.975 [main] &amp#27;[39mDEBUG&amp#27;[0;39m &amp#27;[36mcom.insider.pages.BasePage&amp#27;[0;39m - &amp#27;[32mChecking if element is present: By.id: cookie-law-info-bar
&amp#27;[0;39m11:49:40.018 [main] &amp#27;[39mDEBUG&amp#27;[0;39m &amp#27;[36mcom.insider.pages.BasePage&amp#27;[0;39m - &amp#27;[32mElement present status for By.id: cookie-law-info-bar: true
&amp#27;[0;39m11:49:40.018 [main] &amp#27;[39mDEBUG&amp#27;[0;39m &amp#27;[36mcom.insider.pages.BasePage&amp#27;[0;39m - &amp#27;[32mChecking if element is present: By.id: wt-cli-accept-all-btn
&amp#27;[0;39m11:49:40.055 [main] &amp#27;[39mDEBUG&amp#27;[0;39m &amp#27;[36mcom.insider.pages.BasePage&amp#27;[0;39m - &amp#27;[32mElement present status for By.id: wt-cli-accept-all-btn: true
&amp#27;[0;39m11:49:40.055 [main] &amp#27;[39mDEBUG&amp#27;[0;39m &amp#27;[36mcom.insider.pages.BasePage&amp#27;[0;39m - &amp#27;[32mAttempting to click element with locator: By.id: wt-cli-accept-all-btn
&amp#27;[0;39m11:49:40.279 [main] &amp#27;[34mINFO &amp#27;[0;39m &amp#27;[36mcom.insider.pages.BasePage&amp#27;[0;39m - &amp#27;[32mSuccessfully clicked element: By.id: wt-cli-accept-all-btn
&amp#27;[0;39m11:49:40.280 [main] &amp#27;[39mDEBUG&amp#27;[0;39m &amp#27;[36mcom.insider.pages.BasePage&amp#27;[0;39m - &amp#27;[32mAttempting to click element with locator: By.cssSelector: a[href*='qualityassurance'].btn, a[class*='btn'][href*='quality']
&amp#27;[0;39m11:49:41.509 [main] &amp#27;[34mINFO &amp#27;[0;39m &amp#27;[36mcom.insider.pages.BasePage&amp#27;[0;39m - &amp#27;[32mSuccessfully clicked element: By.cssSelector: a[href*='qualityassurance'].btn, a[class*='btn'][href*='quality']
&amp#27;[0;39m11:49:41.510 [main] &amp#27;[39mDEBUG&amp#27;[0;39m &amp#27;[36mcom.insider.pages.BasePage&amp#27;[0;39m - &amp#27;[32mWaiting for element to be visible: By.id: filter-by-location
&amp#27;[0;39m11:49:42.059 [main] &amp#27;[39mDEBUG&amp#27;[0;39m &amp#27;[36mcom.insider.pages.BasePage&amp#27;[0;39m - &amp#27;[32mElement is now visible: By.id: filter-by-location
&amp#27;[0;39m11:49:42.060 [main] &amp#27;[34mINFO &amp#27;[0;39m &amp#27;[36mcom.insider.pages.BasePage&amp#27;[0;39m - &amp#27;[32m✓ SUCCESS: Successfully navigated to QA jobs page and filters are visible
&amp#27;[0;39m11:49:42.060 [main] &amp#27;[34mINFO &amp#27;[0;39m &amp#27;[36mcom.insider.pages.BasePage&amp#27;[0;39m - &amp#27;[32mTest Step: Filtering jobs by location: Istanbul, Turkiye
&amp#27;[0;39m11:49:42.060 [main] &amp#27;[39mDEBUG&amp#27;[0;39m &amp#27;[36mcom.insider.pages.BasePage&amp#27;[0;39m - &amp#27;[32mWaiting for element to be clickable: By.id: filter-by-location
&amp#27;[0;39m11:49:42.091 [main] &amp#27;[39mDEBUG&amp#27;[0;39m &amp#27;[36mcom.insider.pages.BasePage&amp#27;[0;39m - &amp#27;[32mElement is now clickable: By.id: filter-by-location
&amp#27;[0;39m11:49:42.092 [main] &amp#27;[39mDEBUG&amp#27;[0;39m &amp#27;[36mcom.insider.pages.BasePage&amp#27;[0;39m - &amp#27;[32mWaiting for element to be visible: By.id: filter-by-location
&amp#27;[0;39m11:49:42.111 [main] &amp#27;[39mDEBUG&amp#27;[0;39m &amp#27;[36mcom.insider.pages.BasePage&amp#27;[0;39m - &amp#27;[32mElement is now visible: By.id: filter-by-location
&amp#27;[0;39m11:49:42.126 [main] &amp#27;[39mDEBUG&amp#27;[0;39m &amp#27;[36mcom.insider.pages.QACareersPage&amp#27;[0;39m - &amp#27;[32mWaiting for location dropdown options to load
&amp#27;[0;39m11:49:45.389 [main] &amp#27;[39mDEBUG&amp#27;[0;39m &amp#27;[36mcom.insider.pages.QACareersPage&amp#27;[0;39m - &amp#27;[32mLocation dropdown options loaded successfully
&amp#27;[0;39m11:49:45.389 [main] &amp#27;[34mINFO &amp#27;[0;39m &amp#27;[36mcom.insider.pages.QACareersPage&amp#27;[0;39m - &amp#27;[32mSelecting location: Istanbul, Turkiye
&amp#27;[0;39m11:49:45.472 [main] &amp#27;[39mDEBUG&amp#27;[0;39m &amp#27;[36mcom.insider.pages.BasePage&amp#27;[0;39m - &amp#27;[32mWaiting for element to be visible: By.cssSelector: #jobs-list .position-list-item
&amp#27;[0;39m11:49:47.030 [main] &amp#27;[39mDEBUG&amp#27;[0;39m &amp#27;[36mcom.insider.pages.BasePage&amp#27;[0;39m - &amp#27;[32mElement is now visible: By.cssSelector: #jobs-list .position-list-item
&amp#27;[0;39m11:49:47.058 [main] &amp#27;[34mINFO &amp#27;[0;39m &amp#27;[36mcom.insider.pages.BasePage&amp#27;[0;39m - &amp#27;[32m✓ SUCCESS: Successfully filtered jobs by location: Istanbul, Turkiye
&amp#27;[0;39m11:49:47.058 [main] &amp#27;[34mINFO &amp#27;[0;39m &amp#27;[36mcom.insider.pages.BasePage&amp#27;[0;39m - &amp#27;[32mTest Step: Filtering jobs by department: Quality Assurance
&amp#27;[0;39m11:49:47.059 [main] &amp#27;[39mDEBUG&amp#27;[0;39m &amp#27;[36mcom.insider.pages.BasePage&amp#27;[0;39m - &amp#27;[32mWaiting for element to be clickable: By.id: filter-by-department
&amp#27;[0;39m11:49:47.083 [main] &amp#27;[39mDEBUG&amp#27;[0;39m &amp#27;[36mcom.insider.pages.BasePage&amp#27;[0;39m - &amp#27;[32mElement is now clickable: By.id: filter-by-department
&amp#27;[0;39m11:49:47.083 [main] &amp#27;[39mDEBUG&amp#27;[0;39m &amp#27;[36mcom.insider.pages.BasePage&amp#27;[0;39m - &amp#27;[32mWaiting for element to be visible: By.id: filter-by-department
&amp#27;[0;39m11:49:47.096 [main] &amp#27;[39mDEBUG&amp#27;[0;39m &amp#27;[36mcom.insider.pages.BasePage&amp#27;[0;39m - &amp#27;[32mElement is now visible: By.id: filter-by-department
&amp#27;[0;39m11:49:47.105 [main] &amp#27;[34mINFO &amp#27;[0;39m &amp#27;[36mcom.insider.pages.QACareersPage&amp#27;[0;39m - &amp#27;[32mSelecting department: Quality Assurance
&amp#27;[0;39m11:49:47.131 [main] &amp#27;[39mDEBUG&amp#27;[0;39m &amp#27;[36mcom.insider.pages.BasePage&amp#27;[0;39m - &amp#27;[32mWaiting for element to be visible: By.cssSelector: #jobs-list .position-list-item
&amp#27;[0;39m11:49:47.146 [main] &amp#27;[39mDEBUG&amp#27;[0;39m &amp#27;[36mcom.insider.pages.BasePage&amp#27;[0;39m - &amp#27;[32mElement is now visible: By.cssSelector: #jobs-list .position-list-item
&amp#27;[0;39m11:49:47.183 [main] &amp#27;[34mINFO &amp#27;[0;39m &amp#27;[36mcom.insider.pages.BasePage&amp#27;[0;39m - &amp#27;[32m✓ SUCCESS: Successfully filtered jobs by department: Quality Assurance
&amp#27;[0;39m]]></system-out>
    <system-err><![CDATA[Eyl 09, 2025 11:49:37 ÖÖ org.openqa.selenium.devtools.CdpVersionFinder findNearestMatch
WARNING: Unable to find CDP implementation matching 140
Eyl 09, 2025 11:49:37 ÖÖ org.openqa.selenium.chromium.ChromiumDriver lambda$new$5
WARNING: Unable to find version of CDP to use for 140.0.7339.81. You may need to include a dependency on a specific version of the CDP using something similar to `org.seleniumhq.selenium:selenium-devtools-v86:4.15.0` where the version ("v86") matches the version of the chromium-based browser you're using and the version number of the artifact is the same as Selenium's.
]]></system-err>
  </testcase>
  <testcase name="testViewRoleRedirection" classname="com.insider.tests.InsiderWebsiteTest" time="28.015">
    <failure message="Expected condition failed: waiting for com.insider.pages.QACareersPage$$Lambda/0x00000001352e93c0@2dfeb141 (tried for 20 second(s) with 500 milliseconds interval)&#10;Build info: version: &apos;4.15.0&apos;, revision: &apos;1d14b5521b&apos;&#10;System info: os.name: &apos;Mac OS X&apos;, os.arch: &apos;x86_64&apos;, os.version: &apos;15.6.1&apos;, java.version: &apos;21.0.4&apos;&#10;Driver info: org.openqa.selenium.chrome.ChromeDriver&#10;Capabilities {acceptInsecureCerts: false, browserName: chrome, browserVersion: 140.0.7339.81, chrome: {chromedriverVersion: 140.0.7339.80 (670b6f192f46..., userDataDir: /var/folders/9k/zsj9ng5s5fd...}, fedcm:accounts: true, goog:chromeOptions: {debuggerAddress: localhost:53927}, networkConnectionEnabled: false, pageLoadStrategy: normal, platformName: mac, proxy: Proxy(), se:cdp: ws://localhost:53927/devtoo..., se:cdpVersion: 140.0.7339.81, setWindowRect: true, strictFileInteractability: false, timeouts: {implicit: 0, pageLoad: 300000, script: 30000}, unhandledPromptBehavior: dismiss and notify, webauthn:extension:credBlob: true, webauthn:extension:largeBlob: true, webauthn:extension:minPinLength: true, webauthn:extension:prf: true, webauthn:virtualAuthenticators: true}&#10;Session ID: d77ddde353b0f0433ab0e3871faf8e51" type="org.openqa.selenium.TimeoutException"><![CDATA[org.openqa.selenium.TimeoutException: 
Expected condition failed: waiting for com.insider.pages.QACareersPage$$Lambda/0x00000001352e93c0@2dfeb141 (tried for 20 second(s) with 500 milliseconds interval)
Build info: version: '4.15.0', revision: '1d14b5521b'
System info: os.name: 'Mac OS X', os.arch: 'x86_64', os.version: '15.6.1', java.version: '21.0.4'
Driver info: org.openqa.selenium.chrome.ChromeDriver
Capabilities {acceptInsecureCerts: false, browserName: chrome, browserVersion: 140.0.7339.81, chrome: {chromedriverVersion: 140.0.7339.80 (670b6f192f46..., userDataDir: /var/folders/9k/zsj9ng5s5fd...}, fedcm:accounts: true, goog:chromeOptions: {debuggerAddress: localhost:53927}, networkConnectionEnabled: false, pageLoadStrategy: normal, platformName: mac, proxy: Proxy(), se:cdp: ws://localhost:53927/devtoo..., se:cdpVersion: 140.0.7339.81, setWindowRect: true, strictFileInteractability: false, timeouts: {implicit: 0, pageLoad: 300000, script: 30000}, unhandledPromptBehavior: dismiss and notify, webauthn:extension:credBlob: true, webauthn:extension:largeBlob: true, webauthn:extension:minPinLength: true, webauthn:extension:prf: true, webauthn:virtualAuthenticators: true}
Session ID: d77ddde353b0f0433ab0e3871faf8e51
	at org.openqa.selenium.support.ui.WebDriverWait.timeoutException(WebDriverWait.java:84)
	at org.openqa.selenium.support.ui.FluentWait.until(FluentWait.java:229)
	at com.insider.pages.QACareersPage.clickFirstViewRoleButton(QACareersPage.java:233)
	at com.insider.tests.InsiderWebsiteTest.testViewRoleRedirection(InsiderWebsiteTest.java:180)
	at java.base/jdk.internal.reflect.DirectMethodHandleAccessor.invoke(DirectMethodHandleAccessor.java:103)
	at java.base/java.lang.reflect.Method.invoke(Method.java:580)
	at org.testng.internal.invokers.MethodInvocationHelper.invokeMethod(MethodInvocationHelper.java:139)
	at org.testng.internal.invokers.TestInvoker.invokeMethod(TestInvoker.java:664)
	at org.testng.internal.invokers.TestInvoker.invokeTestMethod(TestInvoker.java:227)
	at org.testng.internal.invokers.MethodRunner.runInSequence(MethodRunner.java:50)
	at org.testng.internal.invokers.TestInvoker$MethodInvocationAgent.invoke(TestInvoker.java:957)
	at org.testng.internal.invokers.TestInvoker.invokeTestMethods(TestInvoker.java:200)
	at org.testng.internal.invokers.TestMethodWorker.invokeTestMethods(TestMethodWorker.java:148)
	at org.testng.internal.invokers.TestMethodWorker.run(TestMethodWorker.java:128)
	at java.base/java.util.ArrayList.forEach(ArrayList.java:1596)
	at org.testng.TestRunner.privateRun(TestRunner.java:848)
	at org.testng.TestRunner.run(TestRunner.java:621)
	at org.testng.SuiteRunner.runTest(SuiteRunner.java:443)
	at org.testng.SuiteRunner.runSequentially(SuiteRunner.java:437)
	at org.testng.SuiteRunner.privateRun(SuiteRunner.java:397)
	at org.testng.SuiteRunner.run(SuiteRunner.java:336)
	at org.testng.SuiteRunnerWorker.runSuite(SuiteRunnerWorker.java:52)
	at org.testng.SuiteRunnerWorker.run(SuiteRunnerWorker.java:95)
	at org.testng.TestNG.runSuitesSequentially(TestNG.java:1280)
	at org.testng.TestNG.runSuitesLocally(TestNG.java:1200)
	at org.testng.TestNG.runSuites(TestNG.java:1114)
	at org.testng.TestNG.run(TestNG.java:1082)
	at org.apache.maven.surefire.testng.TestNGExecutor.run(TestNGExecutor.java:324)
	at org.apache.maven.surefire.testng.TestNGXmlTestSuite.execute(TestNGXmlTestSuite.java:74)
	at org.apache.maven.surefire.testng.TestNGProvider.invoke(TestNGProvider.java:123)
	at org.apache.maven.surefire.booter.ForkedBooter.runSuitesInProcess(ForkedBooter.java:456)
	at org.apache.maven.surefire.booter.ForkedBooter.execute(ForkedBooter.java:169)
	at org.apache.maven.surefire.booter.ForkedBooter.run(ForkedBooter.java:595)
	at org.apache.maven.surefire.booter.ForkedBooter.main(ForkedBooter.java:581)
]]></failure>
    <system-out><![CDATA[11:49:47.298 [main] &amp#27;[34mINFO &amp#27;[0;39m &amp#27;[36mc.insider.tests.InsiderWebsiteTest&amp#27;[0;39m - &amp#27;[32m=== TEST TEARDOWN STARTED ===
&amp#27;[0;39m11:49:47.486 [main] &amp#27;[34mINFO &amp#27;[0;39m &amp#27;[36mc.insider.tests.InsiderWebsiteTest&amp#27;[0;39m - &amp#27;[32m✓ Test environment cleanup completed successfully
&amp#27;[0;39m11:49:47.486 [main] &amp#27;[34mINFO &amp#27;[0;39m &amp#27;[36mc.insider.tests.InsiderWebsiteTest&amp#27;[0;39m - &amp#27;[32m=== TEST TEARDOWN COMPLETED ===
&amp#27;[0;39m11:49:47.487 [main] &amp#27;[34mINFO &amp#27;[0;39m &amp#27;[36mc.insider.tests.InsiderWebsiteTest&amp#27;[0;39m - &amp#27;[32m=== TEST SETUP STARTED ===
&amp#27;[0;39m11:49:48.991 [main] &amp#27;[39mDEBUG&amp#27;[0;39m &amp#27;[36mc.insider.tests.InsiderWebsiteTest&amp#27;[0;39m - &amp#27;[32mInitializing page objects
&amp#27;[0;39m11:49:48.991 [main] &amp#27;[39mDEBUG&amp#27;[0;39m &amp#27;[36mcom.insider.pages.BasePage&amp#27;[0;39m - &amp#27;[32mInitialized BasePage with WebDriver: ChromeDriver
&amp#27;[0;39m11:49:48.992 [main] &amp#27;[39mDEBUG&amp#27;[0;39m &amp#27;[36mcom.insider.pages.BasePage&amp#27;[0;39m - &amp#27;[32mInitialized BasePage with WebDriver: ChromeDriver
&amp#27;[0;39m11:49:48.994 [main] &amp#27;[39mDEBUG&amp#27;[0;39m &amp#27;[36mcom.insider.pages.BasePage&amp#27;[0;39m - &amp#27;[32mInitialized BasePage with WebDriver: ChromeDriver
&amp#27;[0;39m11:49:48.994 [main] &amp#27;[39mDEBUG&amp#27;[0;39m &amp#27;[36mcom.insider.pages.BasePage&amp#27;[0;39m - &amp#27;[32mInitialized BasePage with WebDriver: ChromeDriver
&amp#27;[0;39m11:49:48.995 [main] &amp#27;[39mDEBUG&amp#27;[0;39m &amp#27;[36mc.insider.tests.InsiderWebsiteTest&amp#27;[0;39m - &amp#27;[32mAll page objects initialized successfully
&amp#27;[0;39m11:49:48.995 [main] &amp#27;[34mINFO &amp#27;[0;39m &amp#27;[36mc.insider.tests.InsiderWebsiteTest&amp#27;[0;39m - &amp#27;[32m✓ Test environment setup completed successfully
&amp#27;[0;39m11:49:48.995 [main] &amp#27;[34mINFO &amp#27;[0;39m &amp#27;[36mc.insider.tests.InsiderWebsiteTest&amp#27;[0;39m - &amp#27;[32m=== TEST SETUP COMPLETED ===
&amp#27;[0;39m11:49:48.997 [main] &amp#27;[39mDEBUG&amp#27;[0;39m &amp#27;[36mcom.insider.pages.BasePage&amp#27;[0;39m - &amp#27;[32mInitialized BasePage with WebDriver: ChromeDriver
&amp#27;[0;39m11:49:51.188 [main] &amp#27;[34mINFO &amp#27;[0;39m &amp#27;[36mcom.insider.pages.BasePage&amp#27;[0;39m - &amp#27;[32mTest Step: Clicking 'See All QA Jobs' button
&amp#27;[0;39m11:49:51.188 [main] &amp#27;[39mDEBUG&amp#27;[0;39m &amp#27;[36mcom.insider.pages.BasePage&amp#27;[0;39m - &amp#27;[32mChecking if element is present: By.id: cookie-law-info-bar
&amp#27;[0;39m11:49:51.228 [main] &amp#27;[39mDEBUG&amp#27;[0;39m &amp#27;[36mcom.insider.pages.BasePage&amp#27;[0;39m - &amp#27;[32mElement present status for By.id: cookie-law-info-bar: true
&amp#27;[0;39m11:49:51.229 [main] &amp#27;[39mDEBUG&amp#27;[0;39m &amp#27;[36mcom.insider.pages.BasePage&amp#27;[0;39m - &amp#27;[32mChecking if element is present: By.id: wt-cli-accept-all-btn
&amp#27;[0;39m11:49:51.342 [main] &amp#27;[39mDEBUG&amp#27;[0;39m &amp#27;[36mcom.insider.pages.BasePage&amp#27;[0;39m - &amp#27;[32mElement present status for By.id: wt-cli-accept-all-btn: true
&amp#27;[0;39m11:49:51.343 [main] &amp#27;[39mDEBUG&amp#27;[0;39m &amp#27;[36mcom.insider.pages.BasePage&amp#27;[0;39m - &amp#27;[32mAttempting to click element with locator: By.id: wt-cli-accept-all-btn
&amp#27;[0;39m11:49:51.650 [main] &amp#27;[34mINFO &amp#27;[0;39m &amp#27;[36mcom.insider.pages.BasePage&amp#27;[0;39m - &amp#27;[32mSuccessfully clicked element: By.id: wt-cli-accept-all-btn
&amp#27;[0;39m11:49:51.650 [main] &amp#27;[39mDEBUG&amp#27;[0;39m &amp#27;[36mcom.insider.pages.BasePage&amp#27;[0;39m - &amp#27;[32mAttempting to click element with locator: By.cssSelector: a[href*='qualityassurance'].btn, a[class*='btn'][href*='quality']
&amp#27;[0;39m11:49:53.085 [main] &amp#27;[34mINFO &amp#27;[0;39m &amp#27;[36mcom.insider.pages.BasePage&amp#27;[0;39m - &amp#27;[32mSuccessfully clicked element: By.cssSelector: a[href*='qualityassurance'].btn, a[class*='btn'][href*='quality']
&amp#27;[0;39m11:49:53.086 [main] &amp#27;[39mDEBUG&amp#27;[0;39m &amp#27;[36mcom.insider.pages.BasePage&amp#27;[0;39m - &amp#27;[32mWaiting for element to be visible: By.id: filter-by-location
&amp#27;[0;39m11:49:53.634 [main] &amp#27;[39mDEBUG&amp#27;[0;39m &amp#27;[36mcom.insider.pages.BasePage&amp#27;[0;39m - &amp#27;[32mElement is now visible: By.id: filter-by-location
&amp#27;[0;39m11:49:53.635 [main] &amp#27;[34mINFO &amp#27;[0;39m &amp#27;[36mcom.insider.pages.BasePage&amp#27;[0;39m - &amp#27;[32m✓ SUCCESS: Successfully navigated to QA jobs page and filters are visible
&amp#27;[0;39m11:49:53.635 [main] &amp#27;[34mINFO &amp#27;[0;39m &amp#27;[36mcom.insider.pages.BasePage&amp#27;[0;39m - &amp#27;[32mTest Step: Filtering jobs by location: Istanbul, Turkiye
&amp#27;[0;39m11:49:53.635 [main] &amp#27;[39mDEBUG&amp#27;[0;39m &amp#27;[36mcom.insider.pages.BasePage&amp#27;[0;39m - &amp#27;[32mWaiting for element to be clickable: By.id: filter-by-location
&amp#27;[0;39m11:49:53.661 [main] &amp#27;[39mDEBUG&amp#27;[0;39m &amp#27;[36mcom.insider.pages.BasePage&amp#27;[0;39m - &amp#27;[32mElement is now clickable: By.id: filter-by-location
&amp#27;[0;39m11:49:53.662 [main] &amp#27;[39mDEBUG&amp#27;[0;39m &amp#27;[36mcom.insider.pages.BasePage&amp#27;[0;39m - &amp#27;[32mWaiting for element to be visible: By.id: filter-by-location
&amp#27;[0;39m11:49:53.677 [main] &amp#27;[39mDEBUG&amp#27;[0;39m &amp#27;[36mcom.insider.pages.BasePage&amp#27;[0;39m - &amp#27;[32mElement is now visible: By.id: filter-by-location
&amp#27;[0;39m11:49:53.689 [main] &amp#27;[39mDEBUG&amp#27;[0;39m &amp#27;[36mcom.insider.pages.QACareersPage&amp#27;[0;39m - &amp#27;[32mWaiting for location dropdown options to load
&amp#27;[0;39m11:49:56.379 [main] &amp#27;[39mDEBUG&amp#27;[0;39m &amp#27;[36mcom.insider.pages.QACareersPage&amp#27;[0;39m - &amp#27;[32mLocation dropdown options loaded successfully
&amp#27;[0;39m11:49:56.379 [main] &amp#27;[34mINFO &amp#27;[0;39m &amp#27;[36mcom.insider.pages.QACareersPage&amp#27;[0;39m - &amp#27;[32mSelecting location: Istanbul, Turkiye
&amp#27;[0;39m11:49:56.461 [main] &amp#27;[39mDEBUG&amp#27;[0;39m &amp#27;[36mcom.insider.pages.BasePage&amp#27;[0;39m - &amp#27;[32mWaiting for element to be visible: By.cssSelector: #jobs-list .position-list-item
&amp#27;[0;39m11:49:56.479 [main] &amp#27;[39mDEBUG&amp#27;[0;39m &amp#27;[36mcom.insider.pages.BasePage&amp#27;[0;39m - &amp#27;[32mElement is now visible: By.cssSelector: #jobs-list .position-list-item
&amp#27;[0;39m11:49:56.503 [main] &amp#27;[34mINFO &amp#27;[0;39m &amp#27;[36mcom.insider.pages.BasePage&amp#27;[0;39m - &amp#27;[32m✓ SUCCESS: Successfully filtered jobs by location: Istanbul, Turkiye
&amp#27;[0;39m11:49:56.503 [main] &amp#27;[34mINFO &amp#27;[0;39m &amp#27;[36mcom.insider.pages.BasePage&amp#27;[0;39m - &amp#27;[32mTest Step: Filtering jobs by department: Quality Assurance
&amp#27;[0;39m11:49:56.503 [main] &amp#27;[39mDEBUG&amp#27;[0;39m &amp#27;[36mcom.insider.pages.BasePage&amp#27;[0;39m - &amp#27;[32mWaiting for element to be clickable: By.id: filter-by-department
&amp#27;[0;39m11:49:56.525 [main] &amp#27;[39mDEBUG&amp#27;[0;39m &amp#27;[36mcom.insider.pages.BasePage&amp#27;[0;39m - &amp#27;[32mElement is now clickable: By.id: filter-by-department
&amp#27;[0;39m11:49:56.525 [main] &amp#27;[39mDEBUG&amp#27;[0;39m &amp#27;[36mcom.insider.pages.BasePage&amp#27;[0;39m - &amp#27;[32mWaiting for element to be visible: By.id: filter-by-department
&amp#27;[0;39m11:49:56.539 [main] &amp#27;[39mDEBUG&amp#27;[0;39m &amp#27;[36mcom.insider.pages.BasePage&amp#27;[0;39m - &amp#27;[32mElement is now visible: By.id: filter-by-department
&amp#27;[0;39m11:49:56.545 [main] &amp#27;[34mINFO &amp#27;[0;39m &amp#27;[36mcom.insider.pages.QACareersPage&amp#27;[0;39m - &amp#27;[32mSelecting department: Quality Assurance
&amp#27;[0;39m11:49:56.570 [main] &amp#27;[39mDEBUG&amp#27;[0;39m &amp#27;[36mcom.insider.pages.BasePage&amp#27;[0;39m - &amp#27;[32mWaiting for element to be visible: By.cssSelector: #jobs-list .position-list-item
&amp#27;[0;39m11:49:56.583 [main] &amp#27;[39mDEBUG&amp#27;[0;39m &amp#27;[36mcom.insider.pages.BasePage&amp#27;[0;39m - &amp#27;[32mElement is now visible: By.cssSelector: #jobs-list .position-list-item
&amp#27;[0;39m11:49:56.620 [main] &amp#27;[34mINFO &amp#27;[0;39m &amp#27;[36mcom.insider.pages.BasePage&amp#27;[0;39m - &amp#27;[32m✓ SUCCESS: Successfully filtered jobs by department: Quality Assurance
&amp#27;[0;39m11:49:56.626 [main] &amp#27;[34mINFO &amp#27;[0;39m &amp#27;[36mcom.insider.pages.BasePage&amp#27;[0;39m - &amp#27;[32mTest Step: Clicking first 'View Role' button
&amp#27;[0;39m11:50:17.005 [main] &amp#27;[1;31mERROR&amp#27;[0;39m &amp#27;[36mcom.insider.pages.BasePage&amp#27;[0;39m - &amp#27;[32m✗ ERROR: Failed to click View Role button | Exception: Expected condition failed: waiting for com.insider.pages.QACareersPage$$Lambda/0x00000001352e93c0@2dfeb141 (tried for 20 second(s) with 500 milliseconds interval)
Build info: version: '4.15.0', revision: '1d14b5521b'
System info: os.name: 'Mac OS X', os.arch: 'x86_64', os.version: '15.6.1', java.version: '21.0.4'
Driver info: org.openqa.selenium.chrome.ChromeDriver
Capabilities {acceptInsecureCerts: false, browserName: chrome, browserVersion: 140.0.7339.81, chrome: {chromedriverVersion: 140.0.7339.80 (670b6f192f46..., userDataDir: /var/folders/9k/zsj9ng5s5fd...}, fedcm:accounts: true, goog:chromeOptions: {debuggerAddress: localhost:53927}, networkConnectionEnabled: false, pageLoadStrategy: normal, platformName: mac, proxy: Proxy(), se:cdp: ws://localhost:53927/devtoo..., se:cdpVersion: 140.0.7339.81, setWindowRect: true, strictFileInteractability: false, timeouts: {implicit: 0, pageLoad: 300000, script: 30000}, unhandledPromptBehavior: dismiss and notify, webauthn:extension:credBlob: true, webauthn:extension:largeBlob: true, webauthn:extension:minPinLength: true, webauthn:extension:prf: true, webauthn:virtualAuthenticators: true}
Session ID: d77ddde353b0f0433ab0e3871faf8e51
&amp#27;[0;39morg.openqa.selenium.TimeoutException: Expected condition failed: waiting for com.insider.pages.QACareersPage$$Lambda/0x00000001352e93c0@2dfeb141 (tried for 20 second(s) with 500 milliseconds interval)
Build info: version: '4.15.0', revision: '1d14b5521b'
System info: os.name: 'Mac OS X', os.arch: 'x86_64', os.version: '15.6.1', java.version: '21.0.4'
Driver info: org.openqa.selenium.chrome.ChromeDriver
Capabilities {acceptInsecureCerts: false, browserName: chrome, browserVersion: 140.0.7339.81, chrome: {chromedriverVersion: 140.0.7339.80 (670b6f192f46..., userDataDir: /var/folders/9k/zsj9ng5s5fd...}, fedcm:accounts: true, goog:chromeOptions: {debuggerAddress: localhost:53927}, networkConnectionEnabled: false, pageLoadStrategy: normal, platformName: mac, proxy: Proxy(), se:cdp: ws://localhost:53927/devtoo..., se:cdpVersion: 140.0.7339.81, setWindowRect: true, strictFileInteractability: false, timeouts: {implicit: 0, pageLoad: 300000, script: 30000}, unhandledPromptBehavior: dismiss and notify, webauthn:extension:credBlob: true, webauthn:extension:largeBlob: true, webauthn:extension:minPinLength: true, webauthn:extension:prf: true, webauthn:virtualAuthenticators: true}
Session ID: d77ddde353b0f0433ab0e3871faf8e51
	at org.openqa.selenium.support.ui.WebDriverWait.timeoutException(WebDriverWait.java:84)
	at org.openqa.selenium.support.ui.FluentWait.until(FluentWait.java:229)
	at com.insider.pages.QACareersPage.clickFirstViewRoleButton(QACareersPage.java:233)
	at com.insider.tests.InsiderWebsiteTest.testViewRoleRedirection(InsiderWebsiteTest.java:180)
	at java.base/jdk.internal.reflect.DirectMethodHandleAccessor.invoke(DirectMethodHandleAccessor.java:103)
	at java.base/java.lang.reflect.Method.invoke(Method.java:580)
	at org.testng.internal.invokers.MethodInvocationHelper.invokeMethod(MethodInvocationHelper.java:139)
	at org.testng.internal.invokers.TestInvoker.invokeMethod(TestInvoker.java:664)
	at org.testng.internal.invokers.TestInvoker.invokeTestMethod(TestInvoker.java:227)
	at org.testng.internal.invokers.MethodRunner.runInSequence(MethodRunner.java:50)
	at org.testng.internal.invokers.TestInvoker$MethodInvocationAgent.invoke(TestInvoker.java:957)
	at org.testng.internal.invokers.TestInvoker.invokeTestMethods(TestInvoker.java:200)
	at org.testng.internal.invokers.TestMethodWorker.invokeTestMethods(TestMethodWorker.java:148)
	at org.testng.internal.invokers.TestMethodWorker.run(TestMethodWorker.java:128)
	at java.base/java.util.ArrayList.forEach(ArrayList.java:1596)
	at org.testng.TestRunner.privateRun(TestRunner.java:848)
	at org.testng.TestRunner.run(TestRunner.java:621)
	at org.testng.SuiteRunner.runTest(SuiteRunner.java:443)
	at org.testng.SuiteRunner.runSequentially(SuiteRunner.java:437)
	at org.testng.SuiteRunner.privateRun(SuiteRunner.java:397)
	at org.testng.SuiteRunner.run(SuiteRunner.java:336)
	at org.testng.SuiteRunnerWorker.runSuite(SuiteRunnerWorker.java:52)
	at org.testng.SuiteRunnerWorker.run(SuiteRunnerWorker.java:95)
	at org.testng.TestNG.runSuitesSequentially(TestNG.java:1280)
	at org.testng.TestNG.runSuitesLocally(TestNG.java:1200)
	at org.testng.TestNG.runSuites(TestNG.java:1114)
	at org.testng.TestNG.run(TestNG.java:1082)
	at org.apache.maven.surefire.testng.TestNGExecutor.run(TestNGExecutor.java:324)
	at org.apache.maven.surefire.testng.TestNGXmlTestSuite.execute(TestNGXmlTestSuite.java:74)
	at org.apache.maven.surefire.testng.TestNGProvider.invoke(TestNGProvider.java:123)
	at org.apache.maven.surefire.booter.ForkedBooter.runSuitesInProcess(ForkedBooter.java:456)
	at org.apache.maven.surefire.booter.ForkedBooter.execute(ForkedBooter.java:169)
	at org.apache.maven.surefire.booter.ForkedBooter.run(ForkedBooter.java:595)
	at org.apache.maven.surefire.booter.ForkedBooter.main(ForkedBooter.java:581)
]]></system-out>
    <system-err><![CDATA[Eyl 09, 2025 11:49:48 ÖÖ org.openqa.selenium.devtools.CdpVersionFinder findNearestMatch
WARNING: Unable to find CDP implementation matching 140
Eyl 09, 2025 11:49:48 ÖÖ org.openqa.selenium.chromium.ChromiumDriver lambda$new$5
WARNING: Unable to find version of CDP to use for 140.0.7339.81. You may need to include a dependency on a specific version of the CDP using something similar to `org.seleniumhq.selenium:selenium-devtools-v86:4.15.0` where the version ("v86") matches the version of the chromium-based browser you're using and the version number of the artifact is the same as Selenium's.
]]></system-err>
  </testcase>
  <testcase name="testCompleteScenario" classname="com.insider.tests.InsiderWebsiteTest" time="74.806">
    <failure message="Expected condition failed: waiting for com.insider.pages.QACareersPage$$Lambda/0x00000001352e93c0@20f63ddc (tried for 20 second(s) with 500 milliseconds interval)&#10;Build info: version: &apos;4.15.0&apos;, revision: &apos;1d14b5521b&apos;&#10;System info: os.name: &apos;Mac OS X&apos;, os.arch: &apos;x86_64&apos;, os.version: &apos;15.6.1&apos;, java.version: &apos;21.0.4&apos;&#10;Driver info: org.openqa.selenium.chrome.ChromeDriver&#10;Capabilities {acceptInsecureCerts: false, browserName: chrome, browserVersion: 140.0.7339.81, chrome: {chromedriverVersion: 140.0.7339.80 (670b6f192f46..., userDataDir: /var/folders/9k/zsj9ng5s5fd...}, fedcm:accounts: true, goog:chromeOptions: {debuggerAddress: localhost:54130}, networkConnectionEnabled: false, pageLoadStrategy: normal, platformName: mac, proxy: Proxy(), se:cdp: ws://localhost:54130/devtoo..., se:cdpVersion: 140.0.7339.81, setWindowRect: true, strictFileInteractability: false, timeouts: {implicit: 0, pageLoad: 300000, script: 30000}, unhandledPromptBehavior: dismiss and notify, webauthn:extension:credBlob: true, webauthn:extension:largeBlob: true, webauthn:extension:minPinLength: true, webauthn:extension:prf: true, webauthn:virtualAuthenticators: true}&#10;Session ID: 14270ba49b45072a52505c5ba20be046" type="org.openqa.selenium.TimeoutException"><![CDATA[org.openqa.selenium.TimeoutException: 
Expected condition failed: waiting for com.insider.pages.QACareersPage$$Lambda/0x00000001352e93c0@20f63ddc (tried for 20 second(s) with 500 milliseconds interval)
Build info: version: '4.15.0', revision: '1d14b5521b'
System info: os.name: 'Mac OS X', os.arch: 'x86_64', os.version: '15.6.1', java.version: '21.0.4'
Driver info: org.openqa.selenium.chrome.ChromeDriver
Capabilities {acceptInsecureCerts: false, browserName: chrome, browserVersion: 140.0.7339.81, chrome: {chromedriverVersion: 140.0.7339.80 (670b6f192f46..., userDataDir: /var/folders/9k/zsj9ng5s5fd...}, fedcm:accounts: true, goog:chromeOptions: {debuggerAddress: localhost:54130}, networkConnectionEnabled: false, pageLoadStrategy: normal, platformName: mac, proxy: Proxy(), se:cdp: ws://localhost:54130/devtoo..., se:cdpVersion: 140.0.7339.81, setWindowRect: true, strictFileInteractability: false, timeouts: {implicit: 0, pageLoad: 300000, script: 30000}, unhandledPromptBehavior: dismiss and notify, webauthn:extension:credBlob: true, webauthn:extension:largeBlob: true, webauthn:extension:minPinLength: true, webauthn:extension:prf: true, webauthn:virtualAuthenticators: true}
Session ID: 14270ba49b45072a52505c5ba20be046
	at org.openqa.selenium.support.ui.WebDriverWait.timeoutException(WebDriverWait.java:84)
	at org.openqa.selenium.support.ui.FluentWait.until(FluentWait.java:229)
	at com.insider.pages.QACareersPage.clickFirstViewRoleButton(QACareersPage.java:233)
	at com.insider.tests.InsiderWebsiteTest.testCompleteScenario(InsiderWebsiteTest.java:218)
	at java.base/jdk.internal.reflect.DirectMethodHandleAccessor.invoke(DirectMethodHandleAccessor.java:103)
	at java.base/java.lang.reflect.Method.invoke(Method.java:580)
	at org.testng.internal.invokers.MethodInvocationHelper.invokeMethod(MethodInvocationHelper.java:139)
	at org.testng.internal.invokers.TestInvoker.invokeMethod(TestInvoker.java:664)
	at org.testng.internal.invokers.TestInvoker.invokeTestMethod(TestInvoker.java:227)
	at org.testng.internal.invokers.MethodRunner.runInSequence(MethodRunner.java:50)
	at org.testng.internal.invokers.TestInvoker$MethodInvocationAgent.invoke(TestInvoker.java:957)
	at org.testng.internal.invokers.TestInvoker.invokeTestMethods(TestInvoker.java:200)
	at org.testng.internal.invokers.TestMethodWorker.invokeTestMethods(TestMethodWorker.java:148)
	at org.testng.internal.invokers.TestMethodWorker.run(TestMethodWorker.java:128)
	at java.base/java.util.ArrayList.forEach(ArrayList.java:1596)
	at org.testng.TestRunner.privateRun(TestRunner.java:848)
	at org.testng.TestRunner.run(TestRunner.java:621)
	at org.testng.SuiteRunner.runTest(SuiteRunner.java:443)
	at org.testng.SuiteRunner.runSequentially(SuiteRunner.java:437)
	at org.testng.SuiteRunner.privateRun(SuiteRunner.java:397)
	at org.testng.SuiteRunner.run(SuiteRunner.java:336)
	at org.testng.SuiteRunnerWorker.runSuite(SuiteRunnerWorker.java:52)
	at org.testng.SuiteRunnerWorker.run(SuiteRunnerWorker.java:95)
	at org.testng.TestNG.runSuitesSequentially(TestNG.java:1280)
	at org.testng.TestNG.runSuitesLocally(TestNG.java:1200)
	at org.testng.TestNG.runSuites(TestNG.java:1114)
	at org.testng.TestNG.run(TestNG.java:1082)
	at org.apache.maven.surefire.testng.TestNGExecutor.run(TestNGExecutor.java:324)
	at org.apache.maven.surefire.testng.TestNGXmlTestSuite.execute(TestNGXmlTestSuite.java:74)
	at org.apache.maven.surefire.testng.TestNGProvider.invoke(TestNGProvider.java:123)
	at org.apache.maven.surefire.booter.ForkedBooter.runSuitesInProcess(ForkedBooter.java:456)
	at org.apache.maven.surefire.booter.ForkedBooter.execute(ForkedBooter.java:169)
	at org.apache.maven.surefire.booter.ForkedBooter.run(ForkedBooter.java:595)
	at org.apache.maven.surefire.booter.ForkedBooter.main(ForkedBooter.java:581)
]]></failure>
    <system-out><![CDATA[11:50:17.011 [main] &amp#27;[34mINFO &amp#27;[0;39m &amp#27;[36mc.insider.tests.InsiderWebsiteTest&amp#27;[0;39m - &amp#27;[32m=== TEST TEARDOWN STARTED ===
&amp#27;[0;39m11:50:17.206 [main] &amp#27;[34mINFO &amp#27;[0;39m &amp#27;[36mc.insider.tests.InsiderWebsiteTest&amp#27;[0;39m - &amp#27;[32m✓ Test environment cleanup completed successfully
&amp#27;[0;39m11:50:17.206 [main] &amp#27;[34mINFO &amp#27;[0;39m &amp#27;[36mc.insider.tests.InsiderWebsiteTest&amp#27;[0;39m - &amp#27;[32m=== TEST TEARDOWN COMPLETED ===
&amp#27;[0;39m11:50:17.207 [main] &amp#27;[34mINFO &amp#27;[0;39m &amp#27;[36mc.insider.tests.InsiderWebsiteTest&amp#27;[0;39m - &amp#27;[32m=== TEST SETUP STARTED ===
&amp#27;[0;39m11:50:18.478 [main] &amp#27;[39mDEBUG&amp#27;[0;39m &amp#27;[36mc.insider.tests.InsiderWebsiteTest&amp#27;[0;39m - &amp#27;[32mInitializing page objects
&amp#27;[0;39m11:50:18.478 [main] &amp#27;[39mDEBUG&amp#27;[0;39m &amp#27;[36mcom.insider.pages.BasePage&amp#27;[0;39m - &amp#27;[32mInitialized BasePage with WebDriver: ChromeDriver
&amp#27;[0;39m11:50:18.478 [main] &amp#27;[39mDEBUG&amp#27;[0;39m &amp#27;[36mcom.insider.pages.BasePage&amp#27;[0;39m - &amp#27;[32mInitialized BasePage with WebDriver: ChromeDriver
&amp#27;[0;39m11:50:18.478 [main] &amp#27;[39mDEBUG&amp#27;[0;39m &amp#27;[36mcom.insider.pages.BasePage&amp#27;[0;39m - &amp#27;[32mInitialized BasePage with WebDriver: ChromeDriver
&amp#27;[0;39m11:50:18.478 [main] &amp#27;[39mDEBUG&amp#27;[0;39m &amp#27;[36mcom.insider.pages.BasePage&amp#27;[0;39m - &amp#27;[32mInitialized BasePage with WebDriver: ChromeDriver
&amp#27;[0;39m11:50:18.478 [main] &amp#27;[39mDEBUG&amp#27;[0;39m &amp#27;[36mc.insider.tests.InsiderWebsiteTest&amp#27;[0;39m - &amp#27;[32mAll page objects initialized successfully
&amp#27;[0;39m11:50:18.479 [main] &amp#27;[34mINFO &amp#27;[0;39m &amp#27;[36mc.insider.tests.InsiderWebsiteTest&amp#27;[0;39m - &amp#27;[32m✓ Test environment setup completed successfully
&amp#27;[0;39m11:50:18.479 [main] &amp#27;[34mINFO &amp#27;[0;39m &amp#27;[36mc.insider.tests.InsiderWebsiteTest&amp#27;[0;39m - &amp#27;[32m=== TEST SETUP COMPLETED ===
&amp#27;[0;39m11:50:18.479 [main] &amp#27;[34mINFO &amp#27;[0;39m &amp#27;[36mcom.insider.pages.BasePage&amp#27;[0;39m - &amp#27;[32mTest Step: Navigating to Insider home page
&amp#27;[0;39m11:50:18.479 [main] &amp#27;[34mINFO &amp#27;[0;39m &amp#27;[36mcom.insider.pages.BasePage&amp#27;[0;39m - &amp#27;[32mPage Navigation - Action: Navigate | URL: https://useinsider.com/
&amp#27;[0;39m11:50:21.631 [main] &amp#27;[34mINFO &amp#27;[0;39m &amp#27;[36mcom.insider.pages.BasePage&amp#27;[0;39m - &amp#27;[32m✓ SUCCESS: Successfully navigated to home page
&amp#27;[0;39m11:50:21.632 [main] &amp#27;[34mINFO &amp#27;[0;39m &amp#27;[36mcom.insider.pages.BasePage&amp#27;[0;39m - &amp#27;[32mTest Step: Attempting to accept cookies if banner is present
&amp#27;[0;39m11:50:21.632 [main] &amp#27;[39mDEBUG&amp#27;[0;39m &amp#27;[36mcom.insider.pages.BasePage&amp#27;[0;39m - &amp#27;[32mChecking if element is present: By.id: cookie-law-info-bar
&amp#27;[0;39m11:50:21.669 [main] &amp#27;[39mDEBUG&amp#27;[0;39m &amp#27;[36mcom.insider.pages.BasePage&amp#27;[0;39m - &amp#27;[32mElement present status for By.id: cookie-law-info-bar: true
&amp#27;[0;39m11:50:21.669 [main] &amp#27;[39mDEBUG&amp#27;[0;39m &amp#27;[36mcom.insider.pages.BasePage&amp#27;[0;39m - &amp#27;[32mChecking if element is present: By.id: wt-cli-accept-all-btn
&amp#27;[0;39m11:50:21.816 [main] &amp#27;[39mDEBUG&amp#27;[0;39m &amp#27;[36mcom.insider.pages.BasePage&amp#27;[0;39m - &amp#27;[32mElement present status for By.id: wt-cli-accept-all-btn: true
&amp#27;[0;39m11:50:21.816 [main] &amp#27;[34mINFO &amp#27;[0;39m &amp#27;[36mcom.insider.pages.BasePage&amp#27;[0;39m - &amp#27;[32mCookie banner detected, attempting to accept cookies
&amp#27;[0;39m11:50:21.817 [main] &amp#27;[39mDEBUG&amp#27;[0;39m &amp#27;[36mcom.insider.pages.BasePage&amp#27;[0;39m - &amp#27;[32mAttempting to click element with locator: By.id: wt-cli-accept-all-btn
&amp#27;[0;39m11:50:22.095 [main] &amp#27;[34mINFO &amp#27;[0;39m &amp#27;[36mcom.insider.pages.BasePage&amp#27;[0;39m - &amp#27;[32mSuccessfully clicked element: By.id: wt-cli-accept-all-btn
&amp#27;[0;39m11:50:22.095 [main] &amp#27;[39mDEBUG&amp#27;[0;39m &amp#27;[36mcom.insider.pages.BasePage&amp#27;[0;39m - &amp#27;[32mWaiting for element to be visible: By.cssSelector: body
&amp#27;[0;39m11:50:22.136 [main] &amp#27;[39mDEBUG&amp#27;[0;39m &amp#27;[36mcom.insider.pages.BasePage&amp#27;[0;39m - &amp#27;[32mElement is now visible: By.cssSelector: body
&amp#27;[0;39m11:50:22.136 [main] &amp#27;[34mINFO &amp#27;[0;39m &amp#27;[36mcom.insider.pages.BasePage&amp#27;[0;39m - &amp#27;[32m✓ SUCCESS: Successfully accepted cookies
&amp#27;[0;39m11:50:22.136 [main] &amp#27;[34mINFO &amp#27;[0;39m &amp#27;[36mcom.insider.pages.BasePage&amp#27;[0;39m - &amp#27;[32mTest Step: Verifying home page is loaded correctly
&amp#27;[0;39m11:50:22.279 [main] &amp#27;[39mDEBUG&amp#27;[0;39m &amp#27;[36mcom.insider.pages.BasePage&amp#27;[0;39m - &amp#27;[32mCurrent page title: #1 Leader in Individualized, Cross-Channel CX — Insider
&amp#27;[0;39m11:50:22.316 [main] &amp#27;[39mDEBUG&amp#27;[0;39m &amp#27;[36mcom.insider.pages.BasePage&amp#27;[0;39m - &amp#27;[32mCurrent URL: https://useinsider.com/
&amp#27;[0;39m11:50:22.316 [main] &amp#27;[34mINFO &amp#27;[0;39m &amp#27;[36mcom.insider.pages.BasePage&amp#27;[0;39m - &amp#27;[32m✓ SUCCESS: Home page loaded successfully - Title: '#1 Leader in Individualized, Cross-Channel CX — Insider' | URL: https://useinsider.com/
&amp#27;[0;39m11:50:22.317 [main] &amp#27;[34mINFO &amp#27;[0;39m &amp#27;[36mcom.insider.pages.BasePage&amp#27;[0;39m - &amp#27;[32mTest Step: Navigating to Careers page through Company menu
&amp#27;[0;39m11:50:22.317 [main] &amp#27;[34mINFO &amp#27;[0;39m &amp#27;[36mcom.insider.pages.BasePage&amp#27;[0;39m - &amp#27;[32mTest Step: Attempting to accept cookies if banner is present
&amp#27;[0;39m11:50:22.317 [main] &amp#27;[39mDEBUG&amp#27;[0;39m &amp#27;[36mcom.insider.pages.BasePage&amp#27;[0;39m - &amp#27;[32mChecking if element is present: By.id: cookie-law-info-bar
&amp#27;[0;39m11:50:22.374 [main] &amp#27;[39mDEBUG&amp#27;[0;39m &amp#27;[36mcom.insider.pages.BasePage&amp#27;[0;39m - &amp#27;[32mElement present status for By.id: cookie-law-info-bar: true
&amp#27;[0;39m11:50:22.374 [main] &amp#27;[39mDEBUG&amp#27;[0;39m &amp#27;[36mcom.insider.pages.BasePage&amp#27;[0;39m - &amp#27;[32mChecking if element is present: By.id: wt-cli-accept-all-btn
&amp#27;[0;39m11:50:42.831 [main] &amp#27;[39mDEBUG&amp#27;[0;39m &amp#27;[36mcom.insider.pages.BasePage&amp#27;[0;39m - &amp#27;[32mElement not present (timeout): By.id: wt-cli-accept-all-btn
&amp#27;[0;39m11:50:42.831 [main] &amp#27;[39mDEBUG&amp#27;[0;39m &amp#27;[36mcom.insider.pages.BasePage&amp#27;[0;39m - &amp#27;[32mNo cookie banner found or accept button not available
&amp#27;[0;39m11:50:42.831 [main] &amp#27;[34mINFO &amp#27;[0;39m &amp#27;[36mcom.insider.pages.BasePage&amp#27;[0;39m - &amp#27;[32mTest Step: Attempting to dismiss announcement banner if present
&amp#27;[0;39m11:50:42.865 [main] &amp#27;[34mINFO &amp#27;[0;39m &amp#27;[36mcom.insider.pages.BasePage&amp#27;[0;39m - &amp#27;[32mAnnouncement banner detected, attempting to dismiss
&amp#27;[0;39m11:50:42.893 [main] &amp#27;[34mINFO &amp#27;[0;39m &amp#27;[36mcom.insider.pages.BasePage&amp#27;[0;39m - &amp#27;[32m✓ SUCCESS: Dismissed announcement banner using JavaScript
&amp#27;[0;39m11:50:42.894 [main] &amp#27;[34mINFO &amp#27;[0;39m &amp#27;[36mcom.insider.pages.BasePage&amp#27;[0;39m - &amp#27;[32mTest Step: Clicking Company menu in navigation
&amp#27;[0;39m11:50:42.894 [main] &amp#27;[34mINFO &amp#27;[0;39m &amp#27;[36mcom.insider.pages.BasePage&amp#27;[0;39m - &amp#27;[32mTest Step: Attempting to dismiss announcement banner if present
&amp#27;[0;39m11:50:42.921 [main] &amp#27;[34mINFO &amp#27;[0;39m &amp#27;[36mcom.insider.pages.BasePage&amp#27;[0;39m - &amp#27;[32mAnnouncement banner detected, attempting to dismiss
&amp#27;[0;39m11:50:42.945 [main] &amp#27;[34mINFO &amp#27;[0;39m &amp#27;[36mcom.insider.pages.BasePage&amp#27;[0;39m - &amp#27;[32m✓ SUCCESS: Dismissed announcement banner using JavaScript
&amp#27;[0;39m11:50:42.945 [main] &amp#27;[39mDEBUG&amp#27;[0;39m &amp#27;[36mcom.insider.pages.BasePage&amp#27;[0;39m - &amp#27;[32mAttempting to click element with locator: By.xpath: //a[contains(text(), 'Company') and @id='navbarDropdownMenuLink']
&amp#27;[0;39m11:50:43.082 [main] &amp#27;[34mINFO &amp#27;[0;39m &amp#27;[36mcom.insider.pages.BasePage&amp#27;[0;39m - &amp#27;[32mSuccessfully clicked element: By.xpath: //a[contains(text(), 'Company') and @id='navbarDropdownMenuLink']
&amp#27;[0;39m11:50:43.082 [main] &amp#27;[34mINFO &amp#27;[0;39m &amp#27;[36mcom.insider.pages.BasePage&amp#27;[0;39m - &amp#27;[32m✓ SUCCESS: Successfully clicked Company menu
&amp#27;[0;39m11:50:43.082 [main] &amp#27;[34mINFO &amp#27;[0;39m &amp#27;[36mcom.insider.pages.BasePage&amp#27;[0;39m - &amp#27;[32mTest Step: Clicking Careers link from Company dropdown
&amp#27;[0;39m11:50:43.082 [main] &amp#27;[39mDEBUG&amp#27;[0;39m &amp#27;[36mcom.insider.pages.BasePage&amp#27;[0;39m - &amp#27;[32mAttempting to click element with locator: By.cssSelector: a.dropdown-sub[href*='careers']
&amp#27;[0;39m11:50:44.501 [main] &amp#27;[34mINFO &amp#27;[0;39m &amp#27;[36mcom.insider.pages.BasePage&amp#27;[0;39m - &amp#27;[32mSuccessfully clicked element: By.cssSelector: a.dropdown-sub[href*='careers']
&amp#27;[0;39m11:50:44.502 [main] &amp#27;[34mINFO &amp#27;[0;39m &amp#27;[36mcom.insider.pages.BasePage&amp#27;[0;39m - &amp#27;[32m✓ SUCCESS: Successfully clicked Careers link
&amp#27;[0;39m11:50:44.502 [main] &amp#27;[39mDEBUG&amp#27;[0;39m &amp#27;[36mcom.insider.pages.BasePage&amp#27;[0;39m - &amp#27;[32mInitialized BasePage with WebDriver: ChromeDriver
&amp#27;[0;39m11:50:44.502 [main] &amp#27;[34mINFO &amp#27;[0;39m &amp#27;[36mcom.insider.pages.BasePage&amp#27;[0;39m - &amp#27;[32m✓ SUCCESS: Successfully navigated to Careers page
&amp#27;[0;39m11:50:44.508 [main] &amp#27;[39mDEBUG&amp#27;[0;39m &amp#27;[36mcom.insider.pages.BasePage&amp#27;[0;39m - &amp#27;[32mCurrent URL: https://useinsider.com/careers/
&amp#27;[0;39m11:50:44.512 [main] &amp#27;[39mDEBUG&amp#27;[0;39m &amp#27;[36mcom.insider.pages.BasePage&amp#27;[0;39m - &amp#27;[32mCurrent page title: Ready to disrupt? | Insider Careers
&amp#27;[0;39m11:50:44.512 [main] &amp#27;[39mDEBUG&amp#27;[0;39m &amp#27;[36mcom.insider.pages.BasePage&amp#27;[0;39m - &amp#27;[32mChecking if element is present: By.xpath: //h3[contains(text(), 'Our Locations')]
&amp#27;[0;39m11:50:44.546 [main] &amp#27;[39mDEBUG&amp#27;[0;39m &amp#27;[36mcom.insider.pages.BasePage&amp#27;[0;39m - &amp#27;[32mElement present status for By.xpath: //h3[contains(text(), 'Our Locations')]: true
&amp#27;[0;39m11:50:44.546 [main] &amp#27;[39mDEBUG&amp#27;[0;39m &amp#27;[36mcom.insider.pages.BasePage&amp#27;[0;39m - &amp#27;[32mChecking if element is present: By.cssSelector: ul[class='glide__slides']
&amp#27;[0;39m11:50:44.577 [main] &amp#27;[39mDEBUG&amp#27;[0;39m &amp#27;[36mcom.insider.pages.BasePage&amp#27;[0;39m - &amp#27;[32mElement present status for By.cssSelector: ul[class='glide__slides']: true
&amp#27;[0;39m11:50:44.577 [main] &amp#27;[39mDEBUG&amp#27;[0;39m &amp#27;[36mcom.insider.pages.BasePage&amp#27;[0;39m - &amp#27;[32mChecking if element is present: By.xpath: //h3[contains(text(), 'Find your calling')]
&amp#27;[0;39m11:50:44.609 [main] &amp#27;[39mDEBUG&amp#27;[0;39m &amp#27;[36mcom.insider.pages.BasePage&amp#27;[0;39m - &amp#27;[32mElement present status for By.xpath: //h3[contains(text(), 'Find your calling')]: true
&amp#27;[0;39m11:50:44.609 [main] &amp#27;[39mDEBUG&amp#27;[0;39m &amp#27;[36mcom.insider.pages.BasePage&amp#27;[0;39m - &amp#27;[32mChecking if element is present: By.cssSelector: div[class='job-image text-center']
&amp#27;[0;39m11:50:44.638 [main] &amp#27;[39mDEBUG&amp#27;[0;39m &amp#27;[36mcom.insider.pages.BasePage&amp#27;[0;39m - &amp#27;[32mElement present status for By.cssSelector: div[class='job-image text-center']: true
&amp#27;[0;39m11:50:44.638 [main] &amp#27;[39mDEBUG&amp#27;[0;39m &amp#27;[36mcom.insider.pages.BasePage&amp#27;[0;39m - &amp#27;[32mChecking if element is present: By.xpath: //h2[contains(text(), 'Life at Insider')]
&amp#27;[0;39m11:50:44.672 [main] &amp#27;[39mDEBUG&amp#27;[0;39m &amp#27;[36mcom.insider.pages.BasePage&amp#27;[0;39m - &amp#27;[32mElement present status for By.xpath: //h2[contains(text(), 'Life at Insider')]: true
&amp#27;[0;39m11:50:44.672 [main] &amp#27;[39mDEBUG&amp#27;[0;39m &amp#27;[36mcom.insider.pages.BasePage&amp#27;[0;39m - &amp#27;[32mChecking if element is present: By.cssSelector: div[class='swiper-wrapper']
&amp#27;[0;39m11:50:44.701 [main] &amp#27;[39mDEBUG&amp#27;[0;39m &amp#27;[36mcom.insider.pages.BasePage&amp#27;[0;39m - &amp#27;[32mElement present status for By.cssSelector: div[class='swiper-wrapper']: true
&amp#27;[0;39m11:50:45.623 [main] &amp#27;[39mDEBUG&amp#27;[0;39m &amp#27;[36mcom.insider.pages.BasePage&amp#27;[0;39m - &amp#27;[32mInitialized BasePage with WebDriver: ChromeDriver
&amp#27;[0;39m11:50:45.623 [main] &amp#27;[34mINFO &amp#27;[0;39m &amp#27;[36mcom.insider.pages.BasePage&amp#27;[0;39m - &amp#27;[32mTest Step: Clicking 'See All QA Jobs' button
&amp#27;[0;39m11:50:45.623 [main] &amp#27;[39mDEBUG&amp#27;[0;39m &amp#27;[36mcom.insider.pages.BasePage&amp#27;[0;39m - &amp#27;[32mChecking if element is present: By.id: cookie-law-info-bar
&amp#27;[0;39m11:51:05.926 [main] &amp#27;[39mDEBUG&amp#27;[0;39m &amp#27;[36mcom.insider.pages.BasePage&amp#27;[0;39m - &amp#27;[32mElement not present (timeout): By.id: cookie-law-info-bar
&amp#27;[0;39m11:51:05.926 [main] &amp#27;[39mDEBUG&amp#27;[0;39m &amp#27;[36mcom.insider.pages.BasePage&amp#27;[0;39m - &amp#27;[32mAttempting to click element with locator: By.cssSelector: a[href*='qualityassurance'].btn, a[class*='btn'][href*='quality']
&amp#27;[0;39m11:51:06.896 [main] &amp#27;[34mINFO &amp#27;[0;39m &amp#27;[36mcom.insider.pages.BasePage&amp#27;[0;39m - &amp#27;[32mSuccessfully clicked element: By.cssSelector: a[href*='qualityassurance'].btn, a[class*='btn'][href*='quality']
&amp#27;[0;39m11:51:06.896 [main] &amp#27;[39mDEBUG&amp#27;[0;39m &amp#27;[36mcom.insider.pages.BasePage&amp#27;[0;39m - &amp#27;[32mWaiting for element to be visible: By.id: filter-by-location
&amp#27;[0;39m11:51:07.959 [main] &amp#27;[39mDEBUG&amp#27;[0;39m &amp#27;[36mcom.insider.pages.BasePage&amp#27;[0;39m - &amp#27;[32mElement is now visible: By.id: filter-by-location
&amp#27;[0;39m11:51:07.959 [main] &amp#27;[34mINFO &amp#27;[0;39m &amp#27;[36mcom.insider.pages.BasePage&amp#27;[0;39m - &amp#27;[32m✓ SUCCESS: Successfully navigated to QA jobs page and filters are visible
&amp#27;[0;39m11:51:07.959 [main] &amp#27;[34mINFO &amp#27;[0;39m &amp#27;[36mcom.insider.pages.BasePage&amp#27;[0;39m - &amp#27;[32mTest Step: Filtering jobs by location: Istanbul, Turkiye
&amp#27;[0;39m11:51:07.960 [main] &amp#27;[39mDEBUG&amp#27;[0;39m &amp#27;[36mcom.insider.pages.BasePage&amp#27;[0;39m - &amp#27;[32mWaiting for element to be clickable: By.id: filter-by-location
&amp#27;[0;39m11:51:07.979 [main] &amp#27;[39mDEBUG&amp#27;[0;39m &amp#27;[36mcom.insider.pages.BasePage&amp#27;[0;39m - &amp#27;[32mElement is now clickable: By.id: filter-by-location
&amp#27;[0;39m11:51:07.979 [main] &amp#27;[39mDEBUG&amp#27;[0;39m &amp#27;[36mcom.insider.pages.BasePage&amp#27;[0;39m - &amp#27;[32mWaiting for element to be visible: By.id: filter-by-location
&amp#27;[0;39m11:51:07.992 [main] &amp#27;[39mDEBUG&amp#27;[0;39m &amp#27;[36mcom.insider.pages.BasePage&amp#27;[0;39m - &amp#27;[32mElement is now visible: By.id: filter-by-location
&amp#27;[0;39m11:51:07.999 [main] &amp#27;[39mDEBUG&amp#27;[0;39m &amp#27;[36mcom.insider.pages.QACareersPage&amp#27;[0;39m - &amp#27;[32mWaiting for location dropdown options to load
&amp#27;[0;39m11:51:10.680 [main] &amp#27;[39mDEBUG&amp#27;[0;39m &amp#27;[36mcom.insider.pages.QACareersPage&amp#27;[0;39m - &amp#27;[32mLocation dropdown options loaded successfully
&amp#27;[0;39m11:51:10.680 [main] &amp#27;[34mINFO &amp#27;[0;39m &amp#27;[36mcom.insider.pages.QACareersPage&amp#27;[0;39m - &amp#27;[32mSelecting location: Istanbul, Turkiye
&amp#27;[0;39m11:51:10.758 [main] &amp#27;[39mDEBUG&amp#27;[0;39m &amp#27;[36mcom.insider.pages.BasePage&amp#27;[0;39m - &amp#27;[32mWaiting for element to be visible: By.cssSelector: #jobs-list .position-list-item
&amp#27;[0;39m11:51:10.774 [main] &amp#27;[39mDEBUG&amp#27;[0;39m &amp#27;[36mcom.insider.pages.BasePage&amp#27;[0;39m - &amp#27;[32mElement is now visible: By.cssSelector: #jobs-list .position-list-item
&amp#27;[0;39m11:51:10.798 [main] &amp#27;[34mINFO &amp#27;[0;39m &amp#27;[36mcom.insider.pages.BasePage&amp#27;[0;39m - &amp#27;[32m✓ SUCCESS: Successfully filtered jobs by location: Istanbul, Turkiye
&amp#27;[0;39m11:51:10.798 [main] &amp#27;[34mINFO &amp#27;[0;39m &amp#27;[36mcom.insider.pages.BasePage&amp#27;[0;39m - &amp#27;[32mTest Step: Filtering jobs by department: Quality Assurance
&amp#27;[0;39m11:51:10.798 [main] &amp#27;[39mDEBUG&amp#27;[0;39m &amp#27;[36mcom.insider.pages.BasePage&amp#27;[0;39m - &amp#27;[32mWaiting for element to be clickable: By.id: filter-by-department
&amp#27;[0;39m11:51:10.819 [main] &amp#27;[39mDEBUG&amp#27;[0;39m &amp#27;[36mcom.insider.pages.BasePage&amp#27;[0;39m - &amp#27;[32mElement is now clickable: By.id: filter-by-department
&amp#27;[0;39m11:51:10.819 [main] &amp#27;[39mDEBUG&amp#27;[0;39m &amp#27;[36mcom.insider.pages.BasePage&amp#27;[0;39m - &amp#27;[32mWaiting for element to be visible: By.id: filter-by-department
&amp#27;[0;39m11:51:10.831 [main] &amp#27;[39mDEBUG&amp#27;[0;39m &amp#27;[36mcom.insider.pages.BasePage&amp#27;[0;39m - &amp#27;[32mElement is now visible: By.id: filter-by-department
&amp#27;[0;39m11:51:10.840 [main] &amp#27;[34mINFO &amp#27;[0;39m &amp#27;[36mcom.insider.pages.QACareersPage&amp#27;[0;39m - &amp#27;[32mSelecting department: Quality Assurance
&amp#27;[0;39m11:51:10.863 [main] &amp#27;[39mDEBUG&amp#27;[0;39m &amp#27;[36mcom.insider.pages.BasePage&amp#27;[0;39m - &amp#27;[32mWaiting for element to be visible: By.cssSelector: #jobs-list .position-list-item
&amp#27;[0;39m11:51:10.875 [main] &amp#27;[39mDEBUG&amp#27;[0;39m &amp#27;[36mcom.insider.pages.BasePage&amp#27;[0;39m - &amp#27;[32mElement is now visible: By.cssSelector: #jobs-list .position-list-item
&amp#27;[0;39m11:51:10.911 [main] &amp#27;[34mINFO &amp#27;[0;39m &amp#27;[36mcom.insider.pages.BasePage&amp#27;[0;39m - &amp#27;[32m✓ SUCCESS: Successfully filtered jobs by department: Quality Assurance
&amp#27;[0;39m11:51:13.022 [main] &amp#27;[34mINFO &amp#27;[0;39m &amp#27;[36mcom.insider.pages.BasePage&amp#27;[0;39m - &amp#27;[32mTest Step: Clicking first 'View Role' button
&amp#27;[0;39m11:51:33.283 [main] &amp#27;[1;31mERROR&amp#27;[0;39m &amp#27;[36mcom.insider.pages.BasePage&amp#27;[0;39m - &amp#27;[32m✗ ERROR: Failed to click View Role button | Exception: Expected condition failed: waiting for com.insider.pages.QACareersPage$$Lambda/0x00000001352e93c0@20f63ddc (tried for 20 second(s) with 500 milliseconds interval)
Build info: version: '4.15.0', revision: '1d14b5521b'
System info: os.name: 'Mac OS X', os.arch: 'x86_64', os.version: '15.6.1', java.version: '21.0.4'
Driver info: org.openqa.selenium.chrome.ChromeDriver
Capabilities {acceptInsecureCerts: false, browserName: chrome, browserVersion: 140.0.7339.81, chrome: {chromedriverVersion: 140.0.7339.80 (670b6f192f46..., userDataDir: /var/folders/9k/zsj9ng5s5fd...}, fedcm:accounts: true, goog:chromeOptions: {debuggerAddress: localhost:54130}, networkConnectionEnabled: false, pageLoadStrategy: normal, platformName: mac, proxy: Proxy(), se:cdp: ws://localhost:54130/devtoo..., se:cdpVersion: 140.0.7339.81, setWindowRect: true, strictFileInteractability: false, timeouts: {implicit: 0, pageLoad: 300000, script: 30000}, unhandledPromptBehavior: dismiss and notify, webauthn:extension:credBlob: true, webauthn:extension:largeBlob: true, webauthn:extension:minPinLength: true, webauthn:extension:prf: true, webauthn:virtualAuthenticators: true}
Session ID: 14270ba49b45072a52505c5ba20be046
&amp#27;[0;39morg.openqa.selenium.TimeoutException: Expected condition failed: waiting for com.insider.pages.QACareersPage$$Lambda/0x00000001352e93c0@20f63ddc (tried for 20 second(s) with 500 milliseconds interval)
Build info: version: '4.15.0', revision: '1d14b5521b'
System info: os.name: 'Mac OS X', os.arch: 'x86_64', os.version: '15.6.1', java.version: '21.0.4'
Driver info: org.openqa.selenium.chrome.ChromeDriver
Capabilities {acceptInsecureCerts: false, browserName: chrome, browserVersion: 140.0.7339.81, chrome: {chromedriverVersion: 140.0.7339.80 (670b6f192f46..., userDataDir: /var/folders/9k/zsj9ng5s5fd...}, fedcm:accounts: true, goog:chromeOptions: {debuggerAddress: localhost:54130}, networkConnectionEnabled: false, pageLoadStrategy: normal, platformName: mac, proxy: Proxy(), se:cdp: ws://localhost:54130/devtoo..., se:cdpVersion: 140.0.7339.81, setWindowRect: true, strictFileInteractability: false, timeouts: {implicit: 0, pageLoad: 300000, script: 30000}, unhandledPromptBehavior: dismiss and notify, webauthn:extension:credBlob: true, webauthn:extension:largeBlob: true, webauthn:extension:minPinLength: true, webauthn:extension:prf: true, webauthn:virtualAuthenticators: true}
Session ID: 14270ba49b45072a52505c5ba20be046
	at org.openqa.selenium.support.ui.WebDriverWait.timeoutException(WebDriverWait.java:84)
	at org.openqa.selenium.support.ui.FluentWait.until(FluentWait.java:229)
	at com.insider.pages.QACareersPage.clickFirstViewRoleButton(QACareersPage.java:233)
	at com.insider.tests.InsiderWebsiteTest.testCompleteScenario(InsiderWebsiteTest.java:218)
	at java.base/jdk.internal.reflect.DirectMethodHandleAccessor.invoke(DirectMethodHandleAccessor.java:103)
	at java.base/java.lang.reflect.Method.invoke(Method.java:580)
	at org.testng.internal.invokers.MethodInvocationHelper.invokeMethod(MethodInvocationHelper.java:139)
	at org.testng.internal.invokers.TestInvoker.invokeMethod(TestInvoker.java:664)
	at org.testng.internal.invokers.TestInvoker.invokeTestMethod(TestInvoker.java:227)
	at org.testng.internal.invokers.MethodRunner.runInSequence(MethodRunner.java:50)
	at org.testng.internal.invokers.TestInvoker$MethodInvocationAgent.invoke(TestInvoker.java:957)
	at org.testng.internal.invokers.TestInvoker.invokeTestMethods(TestInvoker.java:200)
	at org.testng.internal.invokers.TestMethodWorker.invokeTestMethods(TestMethodWorker.java:148)
	at org.testng.internal.invokers.TestMethodWorker.run(TestMethodWorker.java:128)
	at java.base/java.util.ArrayList.forEach(ArrayList.java:1596)
	at org.testng.TestRunner.privateRun(TestRunner.java:848)
	at org.testng.TestRunner.run(TestRunner.java:621)
	at org.testng.SuiteRunner.runTest(SuiteRunner.java:443)
	at org.testng.SuiteRunner.runSequentially(SuiteRunner.java:437)
	at org.testng.SuiteRunner.privateRun(SuiteRunner.java:397)
	at org.testng.SuiteRunner.run(SuiteRunner.java:336)
	at org.testng.SuiteRunnerWorker.runSuite(SuiteRunnerWorker.java:52)
	at org.testng.SuiteRunnerWorker.run(SuiteRunnerWorker.java:95)
	at org.testng.TestNG.runSuitesSequentially(TestNG.java:1280)
	at org.testng.TestNG.runSuitesLocally(TestNG.java:1200)
	at org.testng.TestNG.runSuites(TestNG.java:1114)
	at org.testng.TestNG.run(TestNG.java:1082)
	at org.apache.maven.surefire.testng.TestNGExecutor.run(TestNGExecutor.java:324)
	at org.apache.maven.surefire.testng.TestNGXmlTestSuite.execute(TestNGXmlTestSuite.java:74)
	at org.apache.maven.surefire.testng.TestNGProvider.invoke(TestNGProvider.java:123)
	at org.apache.maven.surefire.booter.ForkedBooter.runSuitesInProcess(ForkedBooter.java:456)
	at org.apache.maven.surefire.booter.ForkedBooter.execute(ForkedBooter.java:169)
	at org.apache.maven.surefire.booter.ForkedBooter.run(ForkedBooter.java:595)
	at org.apache.maven.surefire.booter.ForkedBooter.main(ForkedBooter.java:581)
]]></system-out>
    <system-err><![CDATA[Eyl 09, 2025 11:50:18 ÖÖ org.openqa.selenium.devtools.CdpVersionFinder findNearestMatch
WARNING: Unable to find CDP implementation matching 140
Eyl 09, 2025 11:50:18 ÖÖ org.openqa.selenium.chromium.ChromiumDriver lambda$new$5
WARNING: Unable to find version of CDP to use for 140.0.7339.81. You may need to include a dependency on a specific version of the CDP using something similar to `org.seleniumhq.selenium:selenium-devtools-v86:4.15.0` where the version ("v86") matches the version of the chromium-based browser you're using and the version number of the artifact is the same as Selenium's.
]]></system-err>
  </testcase>
</testsuite>